Log file open, 06/13/16 16:45:38
LogInit:Display: Running engine for game: Bekenstein
LogPlatformFile: Not using cached read wrapper
LogInit:Display: RandInit(1467235955) SRandInit(1467235956).
LogTaskGraph: Started task graph with 4 named threads and 7 total threads with 1 sets of task threads.
LogStats: Stats thread started at 0.080743
LogInit: Version: 4.12.2-3005592+++UE4+Release-4.12
LogInit: API Version: 2992821
LogInit: Net Version: 3005592
LogDevObjectVersion: Number of dev versions registered: 13
LogDevObjectVersion:   Dev-Blueprints (B0D832E4-1F89-4F0D-ACCF-7EB736FD4AA2): 3
LogDevObjectVersion:   Dev-Build (E1C64328-A22C-4D53-A36C-8E866417BD8C): 0
LogDevObjectVersion:   Dev-Core (375EC13C-06E4-48FB-B500-84F0262A717E): 1
LogDevObjectVersion:   Dev-Editor (E4B068ED-F494-42E9-A231-DA0B2E46BB41): 2
LogDevObjectVersion:   Dev-Framework (CFFC743F-43B0-4480-9391-14DF171D2073): 6
LogDevObjectVersion:   Dev-Mobile (B02B49B5-BB20-44E9-A304-32B752E40360): 0
LogDevObjectVersion:   Dev-Networking (A4E4105C-59A1-49B5-A7C5-40C4547EDFEE): 0
LogDevObjectVersion:   Dev-Online (39C831C9-5AE6-47DC-9A44-9C173E1C8E7C): 0
LogDevObjectVersion:   Dev-Physics (78F01B33-EBEA-4F98-B9B4-84EACCB95AA2): 0
LogDevObjectVersion:   Dev-Platform (6631380F-2D4D-43E0-8009-CF276956A95A): 0
LogDevObjectVersion:   Dev-Rendering (12F88B9F-8875-4AFC-A67C-D90C383ABD29): 2
LogDevObjectVersion:   Dev-Sequencer (7B5AE74C-D270-4C10-A958-57980B212A5A): 0
LogDevObjectVersion:   Dev-VR (D7296918-1DD6-4BDD-9DE2-64A83CC13884): 0
LogInit: Compiled (64-bit): Jun  8 2016 08:57:49
LogInit: Compiled with Visual C++: 19.00.23026.00
LogInit: Build Configuration: Development
LogInit: Branch Name: ++UE4+Release-4.12
LogInit: Command line: -EpicPortal 
LogInit: Base directory: C:/Program Files (x86)/Epic Games/4.12/Engine/Binaries/Win64/
LogInit: Installed Engine Build: 1
LogInit: Using libcurl 7.41.0
LogInit:  - built for x86_64-pc-win32
LogInit:  - supports SSL with WinSSL
LogInit:  - other features:
LogInit:      CURL_VERSION_SSL
LogInit:      CURL_VERSION_IPV6
LogInit:      CURL_VERSION_ASYNCHDNS
LogInit:      CURL_VERSION_LARGEFILE
LogInit:      CURL_VERSION_IDN
LogInit:  CurlRequestOptions (configurable via config and command line):
LogInit:  - bVerifyPeer = true  - Libcurl will verify peer certificate
LogInit:  - bUseHttpProxy = false  - Libcurl will NOT use HTTP proxy
LogInit:  - bDontReuseConnections = false  - Libcurl will reuse connections
LogInit:  - CertBundlePath = nullptr  - Libcurl will use whatever was configured at build time.
LogInit: Presizing for max 8388607 objects, including 0 objects not considered by GC, pre-allocating 0 bytes for permanent pool.
LogInit: Object subsystem initialized
[2016.06.13-20.45.38:183][  0]LogInit: Selected Device Profile: [Windows]
[2016.06.13-20.45.38:183][  0]LogInit: Applying CVar settings loaded from the selected device profile: [Windows]
[2016.06.13-20.45.38:194][  0]LogInit: Computer: DESKTOP-9CR8O99
[2016.06.13-20.45.38:194][  0]LogInit: User: dagal
[2016.06.13-20.45.38:194][  0]LogInit: CPU Page size=65536, Cores=4
[2016.06.13-20.45.38:194][  0]LogInit: High frequency timer resolution =2.338341 MHz
[2016.06.13-20.45.38:194][  0]LogMemory: Memory total: Physical=7.9GB (8GB approx)
[2016.06.13-20.45.38:195][  0]LogMemory: Platform Memory Stats for Windows
[2016.06.13-20.45.38:195][  0]LogMemory: Process Physical Memory: 189.77 MB used, 189.77 MB peak
[2016.06.13-20.45.38:195][  0]LogMemory: Process Virtual Memory: 195.10 MB used, 195.10 MB peak
[2016.06.13-20.45.38:195][  0]LogMemory: Physical Memory: 5235.20 MB used, 8104.27 MB total
[2016.06.13-20.45.38:195][  0]LogMemory: Virtual Memory: 553.86 MB used, 134217728.00 MB total
[2016.06.13-20.45.38:223][  0]LogTextLocalizationManager: No specific translations for ('en-US') exist, so ('en') translations will be used.
[2016.06.13-20.45.38:616][  0]LogD3D11RHI: D3D11 adapters:
[2016.06.13-20.45.38:647][  0]LogD3D11RHI:    0. 'NVIDIA GeForce GTX 860M' (Feature Level 11_0)
[2016.06.13-20.45.38:647][  0]LogD3D11RHI:       1995/0/4052 MB DedicatedVideo/DedicatedSystem/SharedSystem, Outputs:1, VendorId:0x10de
[2016.06.13-20.45.38:654][  0]LogD3D11RHI:    1. 'Intel(R) HD Graphics 4600' (Feature Level 11_0)
[2016.06.13-20.45.38:654][  0]LogD3D11RHI:       112/0/4052 MB DedicatedVideo/DedicatedSystem/SharedSystem, Outputs:0, VendorId:0x8086
[2016.06.13-20.45.38:656][  0]LogD3D11RHI:    2. 'Microsoft Basic Render Driver' (Feature Level 11_0)
[2016.06.13-20.45.38:656][  0]LogD3D11RHI:       0/0/4052 MB DedicatedVideo/DedicatedSystem/SharedSystem, Outputs:0, VendorId:0x1414
[2016.06.13-20.45.38:656][  0]LogD3D11RHI: Chosen D3D11 Adapter: 0
[2016.06.13-20.45.38:660][  0]LogD3D11RHI: Creating new Direct3DDevice
[2016.06.13-20.45.38:660][  0]LogD3D11RHI:     GPU DeviceId: 0x1392 (for the marketing name, search the web for "GPU Device Id")
[2016.06.13-20.45.38:660][  0]LogWindows: EnumDisplayDevices:
[2016.06.13-20.45.38:660][  0]LogWindows:    0. 'Intel(R) HD Graphics 4600' (P:1 D:1)
[2016.06.13-20.45.38:660][  0]LogWindows:    1. 'Intel(R) HD Graphics 4600' (P:0 D:0)
[2016.06.13-20.45.38:660][  0]LogWindows:    2. 'Intel(R) HD Graphics 4600' (P:0 D:0)
[2016.06.13-20.45.38:660][  0]LogWindows: DebugString: PrimaryIsNotTheChoosenAdapter PrimaryIsNotTheChoosenAdapter PrimaryIsNotTheChoosenAdapter FoundDriverCount:0 
[2016.06.13-20.45.38:660][  0]LogD3D11RHI:     Adapter Name: NVIDIA GeForce GTX 860M
[2016.06.13-20.45.38:660][  0]LogD3D11RHI:   Driver Version: Unknown (internal:Unknown, unified:Unknown)
[2016.06.13-20.45.38:660][  0]LogD3D11RHI:      Driver Date: Unknown
[2016.06.13-20.45.38:660][  0]LogRHI: Texture pool is 1361 MB (70% of 1945 MB)
[2016.06.13-20.45.38:672][  0]LogD3D11RHI: Async texture creation enabled
[2016.06.13-20.45.38:687][  0]LogD3D11RHI: GPU Timing Frequency: 1000.000000 (Debug: 2 2)
[2016.06.13-20.45.38:687][  0]LogShaderCompilers: Guid format shader working directory is -20 characters bigger than the processId version (../../../../../../Users/dagal/Documents/Unreal Projects/Bekenstein/Intermediate/Shaders/WorkingDirectory/5340/).
[2016.06.13-20.45.38:687][  0]LogShaderCompilers: Cleaned the shader compiler working directory 'C:/Users/dagal/AppData/Local/Temp/UnrealShaderWorkingDir/C1B7150C4AA174D548063E8BFF58F1A0/'.
[2016.06.13-20.45.38:687][  0]LogShaderCompilers:Display: Using Local Shader Compiler.
[2016.06.13-20.45.39:591][  0]LogTemp:Display: Loaded TP AllDesktopTargetPlatform
[2016.06.13-20.45.39:603][  0]LogTemp:Display: Loaded TP WindowsClientTargetPlatform
[2016.06.13-20.45.39:614][  0]LogTemp:Display: Loaded TP WindowsNoEditorTargetPlatform
[2016.06.13-20.45.39:628][  0]LogTemp:Display: Loaded TP WindowsServerTargetPlatform
[2016.06.13-20.45.39:642][  0]LogTemp:Display: Loaded TP WindowsTargetPlatform
[2016.06.13-20.45.39:650][  0]LogTemp:Display: Loaded TP AndroidTargetPlatform
[2016.06.13-20.45.39:658][  0]LogTemp:Display: Loaded TP Android_ASTCTargetPlatform
[2016.06.13-20.45.39:666][  0]LogTemp:Display: Loaded TP Android_ATCTargetPlatform
[2016.06.13-20.45.39:674][  0]LogTemp:Display: Loaded TP Android_DXTTargetPlatform
[2016.06.13-20.45.39:682][  0]LogTemp:Display: Loaded TP Android_ETC1TargetPlatform
[2016.06.13-20.45.39:689][  0]LogTemp:Display: Loaded TP Android_ETC2TargetPlatform
[2016.06.13-20.45.39:706][  0]LogTemp:Display: Loaded TP Android_MultiTargetPlatform
[2016.06.13-20.45.39:706][  0]LogTemp:Display: Loaded TP Android_PVRTCTargetPlatform
[2016.06.13-20.45.39:707][  0]LogTemp:Display: Loaded TP HTML5TargetPlatform
[2016.06.13-20.45.39:729][  0]LogTemp:Display: Loaded TP IOSTargetPlatform
[2016.06.13-20.45.39:736][  0]LogTemp:Display: Loaded TP TVOSTargetPlatform
[2016.06.13-20.45.39:744][  0]LogTemp:Display: Loaded TP LinuxNoEditorTargetPlatform
[2016.06.13-20.45.39:751][  0]LogTemp:Display: Loaded TP LinuxServerTargetPlatform
[2016.06.13-20.45.39:758][  0]LogTemp:Display: Loaded TP LinuxTargetPlatform
[2016.06.13-20.45.39:758][  0]LogTargetPlatformManager:Display: Building Assets For Windows
[2016.06.13-20.45.39:851][  0]LogDerivedDataCache:Display: Max Cache Size: 512 MB
[2016.06.13-20.45.39:913][  0]LogDerivedDataCache: Loaded boot cache 0.06s 62MB C:/Users/dagal/AppData/Local/UnrealEngine/4.12/DerivedDataCache/Boot.ddc.
[2016.06.13-20.45.39:913][  0]LogDerivedDataCache:Display: Loaded Boot cache: C:/Users/dagal/AppData/Local/UnrealEngine/4.12/DerivedDataCache/Boot.ddc
[2016.06.13-20.45.39:913][  0]LogDerivedDataCache: FDerivedDataBackendGraph:  Pak pak cache file ../../../../../../Users/dagal/Documents/Unreal Projects/Bekenstein/DerivedDataCache/DDC.ddp not found, will not use a pak cache.
[2016.06.13-20.45.39:913][  0]LogDerivedDataCache: Unable to find inner node Pak for hierarchical cache Hierarchy.
[2016.06.13-20.45.39:913][  0]LogDerivedDataCache: FDerivedDataBackendGraph:  CompressedPak pak cache file ../../../../../../Users/dagal/Documents/Unreal Projects/Bekenstein/DerivedDataCache/Compressed.ddp not found, will not use a pak cache.
[2016.06.13-20.45.39:913][  0]LogDerivedDataCache: Unable to find inner node CompressedPak for hierarchical cache Hierarchy.
[2016.06.13-20.45.39:931][  0]LogDerivedDataCache:Display: Pak cache opened for reading ../../../Engine/DerivedDataCache/Compressed.ddp.
[2016.06.13-20.45.39:942][  0]LogDerivedDataCache: Using Local data cache path C:/Users/dagal/AppData/Local/UnrealEngine/Common/DerivedDataCache: Writable
[2016.06.13-20.45.40:135][  0]LogInit: Selected Device Profile: [Windows]
[2016.06.13-20.45.40:135][  0]LogContentStreaming: Texture pool size is 0.00 MB
[2016.06.13-20.45.40:291][  0]LogMeshUtilities: No automatic mesh reduction module available
[2016.06.13-20.45.40:291][  0]LogMeshUtilities: No automatic mesh merging module available
[2016.06.13-20.45.40:291][  0]LogMeshUtilities: No distributed automatic mesh merging module available
[2016.06.13-20.45.40:518][  0]LogAssetRegistry: FAssetRegistry took 0.0210 seconds to start up
[2016.06.13-20.45.40:543][  0]LogPackageLocalizationCache: Processed 3 localized package path(s) for 2 prioritized culture(s) in 0.021700 seconds
[2016.06.13-20.45.40:549][  0]LogUObjectArray: 28739 objects as part of root set at end of initial load.
[2016.06.13-20.45.40:549][  0]LogUObjectAllocator: 5855624 out of 0 bytes used by permanent object pool.
[2016.06.13-20.45.40:549][  0]LogUObjectArray: CloseDisregardForGC: 0/0 objects in disregard for GC pool
[2016.06.13-20.45.40:559][  0]LogInit: WinSock: version 1.1 (2.2), MaxSocks=32767, MaxUdp=65467
[2016.06.13-20.45.40:741][  0]LogSlate: SlateFontCache - WITH_FREETYPE: 1, WITH_HARFBUZZ: 1
[2016.06.13-20.45.40:741][  0]LogSlate: SlateFontCache - WITH_FREETYPE: 1, WITH_HARFBUZZ: 1
[2016.06.13-20.45.41:388][  0]LogUdpMessaging: Initializing bridge on interface 0.0.0.0:0 to multicast group 230.0.0.1:6666.
[2016.06.13-20.45.41:627][  0]SourceControl: Info Source control is disabled
[2016.06.13-20.45.41:628][  0]SourceControl: Info Source control is disabled
[2016.06.13-20.45.41:637][  0]SourceControl: Info Source control is disabled
[2016.06.13-20.45.41:646][  0]SourceControl: Info Source control is disabled
[2016.06.13-20.45.42:387][  0]LogEngine: Initializing Engine...
[2016.06.13-20.45.42:388][  0]LogHMD: SteamVR failed to initialize.  Err: 110
[2016.06.13-20.45.42:388][  0]LogHMD: SteamVR failed to initialize.  Err: 110
[2016.06.13-20.45.42:525][  0]LogAIModule: Creating AISystem for world NewWorld
[2016.06.13-20.45.42:529][  0]LogInit: XAudio2 using 'Speakers (Razer Surround Audio Controller)' : 8 channels at 48 kHz using 16 bits per sample (channel mask 0x63f)
[2016.06.13-20.45.42:536][  0]LogInit: FAudioDevice initialized.
[2016.06.13-20.45.42:567][  0]LogDerivedDataCache: Saved boot cache 0.03s 62MB C:/Users/dagal/AppData/Local/UnrealEngine/4.12/DerivedDataCache/Boot.ddc.
[2016.06.13-20.45.42:574][  0]LogInit: Texture streaming: Enabled
[2016.06.13-20.45.42:602][  0]LogInit: Transaction tracking system initialized
[2016.06.13-20.45.42:632][  0]BlueprintLog: New page: Editor Load
[2016.06.13-20.45.43:153][  0]LocalizationService: Info Localization service is disabled
[2016.06.13-20.45.43:455][  0]LogConsoleResponse:Display: 
[2016.06.13-20.45.43:600][  0]LogCook:Display: Max memory allowance for cook 8192mb
[2016.06.13-20.45.43:600][  0]LogCook:Display: Mobile HDR setting 1
[2016.06.13-20.45.43:955][  0]LogFileCache: Scanning file cache for directory 'C:/Users/dagal/Documents/Unreal Projects/Bekenstein/Content/' took 0.01s
[2016.06.13-20.45.43:955][  0]SourceControl: Info Source control is disabled
[2016.06.13-20.45.44:062][  0]LogFactory: FactoryCreateFile: PackFactory with PackFactory (0 0 C:/Program Files (x86)/Epic Games/4.12/FeaturePacks/StarterContent.upack)
[2016.06.13-20.45.44:089][  0]LogPackFactory: Finished extracting 8 files (including 0 errors).
[2016.06.13-20.45.44:112][  0]LogPackFactory: Copied "../../../Samples/StarterContent/Content/StarterContent/Architecture/Floor_400x400.uasset" to "../../../../../../Users/dagal/Documents/Unreal Projects/Bekenstein/Content/StarterContent/Architecture/Floor_400x400.uasset"
[2016.06.13-20.45.44:125][  0]LogPackFactory: Copied "../../../Samples/StarterContent/Content/StarterContent/Architecture/Pillar_50x500.uasset" to "../../../../../../Users/dagal/Documents/Unreal Projects/Bekenstein/Content/StarterContent/Architecture/Pillar_50x500.uasset"
[2016.06.13-20.45.44:140][  0]LogPackFactory: Copied "../../../Samples/StarterContent/Content/StarterContent/Architecture/SM_AssetPlatform.uasset" to "../../../../../../Users/dagal/Documents/Unreal Projects/Bekenstein/Content/StarterContent/Architecture/SM_AssetPlatform.uasset"
[2016.06.13-20.45.44:152][  0]LogPackFactory: Copied "../../../Samples/StarterContent/Content/StarterContent/Architecture/Wall_400x200.uasset" to "../../../../../../Users/dagal/Documents/Unreal Projects/Bekenstein/Content/StarterContent/Architecture/Wall_400x200.uasset"
[2016.06.13-20.45.44:166][  0]LogPackFactory: Copied "../../../Samples/StarterContent/Content/StarterContent/Architecture/Wall_400x300.uasset" to "../../../../../../Users/dagal/Documents/Unreal Projects/Bekenstein/Content/StarterContent/Architecture/Wall_400x300.uasset"
[2016.06.13-20.45.44:175][  0]LogPackFactory: Copied "../../../Samples/StarterContent/Content/StarterContent/Architecture/Wall_400x400.uasset" to "../../../../../../Users/dagal/Documents/Unreal Projects/Bekenstein/Content/StarterContent/Architecture/Wall_400x400.uasset"
[2016.06.13-20.45.44:183][  0]LogPackFactory: Copied "../../../Samples/StarterContent/Content/StarterContent/Architecture/Wall_500x500.uasset" to "../../../../../../Users/dagal/Documents/Unreal Projects/Bekenstein/Content/StarterContent/Architecture/Wall_500x500.uasset"
[2016.06.13-20.45.44:191][  0]LogPackFactory: Copied "../../../Samples/StarterContent/Content/StarterContent/Architecture/Wall_Door_400x300.uasset" to "../../../../../../Users/dagal/Documents/Unreal Projects/Bekenstein/Content/StarterContent/Architecture/Wall_Door_400x300.uasset"
[2016.06.13-20.45.44:211][  0]LogPackFactory: Copied "../../../Samples/StarterContent/Content/StarterContent/Architecture/Wall_Door_400x400.uasset" to "../../../../../../Users/dagal/Documents/Unreal Projects/Bekenstein/Content/StarterContent/Architecture/Wall_Door_400x400.uasset"
[2016.06.13-20.45.44:218][  0]LogPackFactory: Copied "../../../Samples/StarterContent/Content/StarterContent/Architecture/Wall_Window_400x300.uasset" to "../../../../../../Users/dagal/Documents/Unreal Projects/Bekenstein/Content/StarterContent/Architecture/Wall_Window_400x300.uasset"
[2016.06.13-20.45.44:227][  0]LogPackFactory: Copied "../../../Samples/StarterContent/Content/StarterContent/Architecture/Wall_Window_400x400.uasset" to "../../../../../../Users/dagal/Documents/Unreal Projects/Bekenstein/Content/StarterContent/Architecture/Wall_Window_400x400.uasset"
[2016.06.13-20.45.44:234][  0]LogPackFactory: Copied "../../../Samples/StarterContent/Content/StarterContent/Audio/Collapse01.uasset" to "../../../../../../Users/dagal/Documents/Unreal Projects/Bekenstein/Content/StarterContent/Audio/Collapse01.uasset"
[2016.06.13-20.45.44:243][  0]LogPackFactory: Copied "../../../Samples/StarterContent/Content/StarterContent/Audio/Collapse02.uasset" to "../../../../../../Users/dagal/Documents/Unreal Projects/Bekenstein/Content/StarterContent/Audio/Collapse02.uasset"
[2016.06.13-20.45.44:257][  0]LogPackFactory: Copied "../../../Samples/StarterContent/Content/StarterContent/Audio/Collapse_Cue.uasset" to "../../../../../../Users/dagal/Documents/Unreal Projects/Bekenstein/Content/StarterContent/Audio/Collapse_Cue.uasset"
[2016.06.13-20.45.44:265][  0]LogPackFactory: Copied "../../../Samples/StarterContent/Content/StarterContent/Audio/Explosion01.uasset" to "../../../../../../Users/dagal/Documents/Unreal Projects/Bekenstein/Content/StarterContent/Audio/Explosion01.uasset"
[2016.06.13-20.45.44:291][  0]LogPackFactory: Copied "../../../Samples/StarterContent/Content/StarterContent/Audio/Explosion02.uasset" to "../../../../../../Users/dagal/Documents/Unreal Projects/Bekenstein/Content/StarterContent/Audio/Explosion02.uasset"
[2016.06.13-20.45.44:302][  0]LogPackFactory: Copied "../../../Samples/StarterContent/Content/StarterContent/Audio/Explosion_Cue.uasset" to "../../../../../../Users/dagal/Documents/Unreal Projects/Bekenstein/Content/StarterContent/Audio/Explosion_Cue.uasset"
[2016.06.13-20.45.44:312][  0]LogPackFactory: Copied "../../../Samples/StarterContent/Content/StarterContent/Audio/Fire01.uasset" to "../../../../../../Users/dagal/Documents/Unreal Projects/Bekenstein/Content/StarterContent/Audio/Fire01.uasset"
[2016.06.13-20.45.44:315][  0]LogPackFactory: Copied "../../../Samples/StarterContent/Content/StarterContent/Audio/Fire01_Cue.uasset" to "../../../../../../Users/dagal/Documents/Unreal Projects/Bekenstein/Content/StarterContent/Audio/Fire01_Cue.uasset"
[2016.06.13-20.45.44:343][  0]LogPackFactory: Copied "../../../Samples/StarterContent/Content/StarterContent/Audio/Fire_Sparks01.uasset" to "../../../../../../Users/dagal/Documents/Unreal Projects/Bekenstein/Content/StarterContent/Audio/Fire_Sparks01.uasset"
[2016.06.13-20.45.44:359][  0]LogPackFactory: Copied "../../../Samples/StarterContent/Content/StarterContent/Audio/Fire_Sparks01_Cue.uasset" to "../../../../../../Users/dagal/Documents/Unreal Projects/Bekenstein/Content/StarterContent/Audio/Fire_Sparks01_Cue.uasset"
[2016.06.13-20.45.44:367][  0]LogPackFactory: Copied "../../../Samples/StarterContent/Content/StarterContent/Audio/Light01.uasset" to "../../../../../../Users/dagal/Documents/Unreal Projects/Bekenstein/Content/StarterContent/Audio/Light01.uasset"
[2016.06.13-20.45.44:370][  0]LogPackFactory: Copied "../../../Samples/StarterContent/Content/StarterContent/Audio/Light01_Cue.uasset" to "../../../../../../Users/dagal/Documents/Unreal Projects/Bekenstein/Content/StarterContent/Audio/Light01_Cue.uasset"
[2016.06.13-20.45.44:400][  0]LogPackFactory: Copied "../../../Samples/StarterContent/Content/StarterContent/Audio/Light02.uasset" to "../../../../../../Users/dagal/Documents/Unreal Projects/Bekenstein/Content/StarterContent/Audio/Light02.uasset"
[2016.06.13-20.45.44:405][  0]LogPackFactory: Copied "../../../Samples/StarterContent/Content/StarterContent/Audio/Light02_Cue.uasset" to "../../../../../../Users/dagal/Documents/Unreal Projects/Bekenstein/Content/StarterContent/Audio/Light02_Cue.uasset"
[2016.06.13-20.45.44:437][  0]LogPackFactory: Copied "../../../Samples/StarterContent/Content/StarterContent/Audio/Smoke01.uasset" to "../../../../../../Users/dagal/Documents/Unreal Projects/Bekenstein/Content/StarterContent/Audio/Smoke01.uasset"
[2016.06.13-20.45.44:485][  0]LogPackFactory: Copied "../../../Samples/StarterContent/Content/StarterContent/Audio/Smoke01_Cue.uasset" to "../../../../../../Users/dagal/Documents/Unreal Projects/Bekenstein/Content/StarterContent/Audio/Smoke01_Cue.uasset"
[2016.06.13-20.45.44:549][  0]LogPackFactory: Copied "../../../Samples/StarterContent/Content/StarterContent/Audio/Starter_Background_Cue.uasset" to "../../../../../../Users/dagal/Documents/Unreal Projects/Bekenstein/Content/StarterContent/Audio/Starter_Background_Cue.uasset"
[2016.06.13-20.45.44:653][  0]LogPackFactory: Copied "../../../Samples/StarterContent/Content/StarterContent/Audio/Starter_Birds01.uasset" to "../../../../../../Users/dagal/Documents/Unreal Projects/Bekenstein/Content/StarterContent/Audio/Starter_Birds01.uasset"
[2016.06.13-20.45.44:784][  0]LogPackFactory: Copied "../../../Samples/StarterContent/Content/StarterContent/Audio/Starter_Music01.uasset" to "../../../../../../Users/dagal/Documents/Unreal Projects/Bekenstein/Content/StarterContent/Audio/Starter_Music01.uasset"
[2016.06.13-20.45.44:791][  0]LogPackFactory: Copied "../../../Samples/StarterContent/Content/StarterContent/Audio/Starter_Music_Cue.uasset" to "../../../../../../Users/dagal/Documents/Unreal Projects/Bekenstein/Content/StarterContent/Audio/Starter_Music_Cue.uasset"
[2016.06.13-20.45.44:850][  0]LogPackFactory: Copied "../../../Samples/StarterContent/Content/StarterContent/Audio/Starter_Wind05.uasset" to "../../../../../../Users/dagal/Documents/Unreal Projects/Bekenstein/Content/StarterContent/Audio/Starter_Wind05.uasset"
[2016.06.13-20.45.44:952][  0]LogPackFactory: Copied "../../../Samples/StarterContent/Content/StarterContent/Audio/Starter_Wind06.uasset" to "../../../../../../Users/dagal/Documents/Unreal Projects/Bekenstein/Content/StarterContent/Audio/Starter_Wind06.uasset"
[2016.06.13-20.45.45:004][  0]LogPackFactory: Copied "../../../Samples/StarterContent/Content/StarterContent/Audio/Steam01.uasset" to "../../../../../../Users/dagal/Documents/Unreal Projects/Bekenstein/Content/StarterContent/Audio/Steam01.uasset"
[2016.06.13-20.45.45:012][  0]LogPackFactory: Copied "../../../Samples/StarterContent/Content/StarterContent/Audio/Steam01_Cue.uasset" to "../../../../../../Users/dagal/Documents/Unreal Projects/Bekenstein/Content/StarterContent/Audio/Steam01_Cue.uasset"
[2016.06.13-20.45.45:051][  0]LogPackFactory: Copied "../../../Samples/StarterContent/Content/StarterContent/Blueprints/Blueprint_CeilingLight.uasset" to "../../../../../../Users/dagal/Documents/Unreal Projects/Bekenstein/Content/StarterContent/Blueprints/Blueprint_CeilingLight.uasset"
[2016.06.13-20.45.45:063][  0]LogPackFactory: Copied "../../../Samples/StarterContent/Content/StarterContent/Blueprints/Blueprint_Effect_Explosion.uasset" to "../../../../../../Users/dagal/Documents/Unreal Projects/Bekenstein/Content/StarterContent/Blueprints/Blueprint_Effect_Explosion.uasset"
[2016.06.13-20.45.45:090][  0]LogPackFactory: Copied "../../../Samples/StarterContent/Content/StarterContent/Blueprints/Blueprint_Effect_Fire.uasset" to "../../../../../../Users/dagal/Documents/Unreal Projects/Bekenstein/Content/StarterContent/Blueprints/Blueprint_Effect_Fire.uasset"
[2016.06.13-20.45.45:133][  0]LogPackFactory: Copied "../../../Samples/StarterContent/Content/StarterContent/Blueprints/Blueprint_Effect_Smoke.uasset" to "../../../../../../Users/dagal/Documents/Unreal Projects/Bekenstein/Content/StarterContent/Blueprints/Blueprint_Effect_Smoke.uasset"
[2016.06.13-20.45.45:165][  0]LogPackFactory: Copied "../../../Samples/StarterContent/Content/StarterContent/Blueprints/Blueprint_Effect_Sparks.uasset" to "../../../../../../Users/dagal/Documents/Unreal Projects/Bekenstein/Content/StarterContent/Blueprints/Blueprint_Effect_Sparks.uasset"
[2016.06.13-20.45.45:211][  0]LogPackFactory: Copied "../../../Samples/StarterContent/Content/StarterContent/Blueprints/Blueprint_Effect_Steam.uasset" to "../../../../../../Users/dagal/Documents/Unreal Projects/Bekenstein/Content/StarterContent/Blueprints/Blueprint_Effect_Steam.uasset"
[2016.06.13-20.45.45:223][  0]LogPackFactory: Copied "../../../Samples/StarterContent/Content/StarterContent/Blueprints/Blueprint_WallSconce.uasset" to "../../../../../../Users/dagal/Documents/Unreal Projects/Bekenstein/Content/StarterContent/Blueprints/Blueprint_WallSconce.uasset"
[2016.06.13-20.45.45:257][  0]LogPackFactory: Copied "../../../Samples/StarterContent/Content/StarterContent/Blueprints/BP_LightStudio.uasset" to "../../../../../../Users/dagal/Documents/Unreal Projects/Bekenstein/Content/StarterContent/Blueprints/BP_LightStudio.uasset"
[2016.06.13-20.45.45:286][  0]LogPackFactory: Copied "../../../Samples/StarterContent/Content/StarterContent/Blueprints/Assets/FogBrightnessLUT.uasset" to "../../../../../../Users/dagal/Documents/Unreal Projects/Bekenstein/Content/StarterContent/Blueprints/Assets/FogBrightnessLUT.uasset"
[2016.06.13-20.45.45:318][  0]LogPackFactory: Copied "../../../Samples/StarterContent/Content/StarterContent/Blueprints/Assets/M_LightStage_Arrows.uasset" to "../../../../../../Users/dagal/Documents/Unreal Projects/Bekenstein/Content/StarterContent/Blueprints/Assets/M_LightStage_Arrows.uasset"
[2016.06.13-20.45.45:351][  0]LogPackFactory: Copied "../../../Samples/StarterContent/Content/StarterContent/Blueprints/Assets/M_LightStage_Skybox_Black.uasset" to "../../../../../../Users/dagal/Documents/Unreal Projects/Bekenstein/Content/StarterContent/Blueprints/Assets/M_LightStage_Skybox_Black.uasset"
[2016.06.13-20.45.45:379][  0]LogPackFactory: Copied "../../../Samples/StarterContent/Content/StarterContent/Blueprints/Assets/M_LightStage_Skybox_HDRI.uasset" to "../../../../../../Users/dagal/Documents/Unreal Projects/Bekenstein/Content/StarterContent/Blueprints/Assets/M_LightStage_Skybox_HDRI.uasset"
[2016.06.13-20.45.45:410][  0]LogPackFactory: Copied "../../../Samples/StarterContent/Content/StarterContent/Blueprints/Assets/M_LightStage_Skybox_Master.uasset" to "../../../../../../Users/dagal/Documents/Unreal Projects/Bekenstein/Content/StarterContent/Blueprints/Assets/M_LightStage_Skybox_Master.uasset"
[2016.06.13-20.45.45:449][  0]LogPackFactory: Copied "../../../Samples/StarterContent/Content/StarterContent/Blueprints/Assets/Skybox.uasset" to "../../../../../../Users/dagal/Documents/Unreal Projects/Bekenstein/Content/StarterContent/Blueprints/Assets/Skybox.uasset"
[2016.06.13-20.45.45:500][  0]LogPackFactory: Copied "../../../Samples/StarterContent/Content/StarterContent/Blueprints/Assets/SM_Arrows.uasset" to "../../../../../../Users/dagal/Documents/Unreal Projects/Bekenstein/Content/StarterContent/Blueprints/Assets/SM_Arrows.uasset"
[2016.06.13-20.45.45:509][  0]LogPackFactory: Copied "../../../Samples/StarterContent/Content/StarterContent/Blueprints/Assets/SunlightColorLUT.uasset" to "../../../../../../Users/dagal/Documents/Unreal Projects/Bekenstein/Content/StarterContent/Blueprints/Assets/SunlightColorLUT.uasset"
[2016.06.13-20.45.47:737][  0]LogPackFactory: Copied "../../../Samples/StarterContent/Content/StarterContent/HDRI/HDRI_Epic_Courtyard_Daylight.uasset" to "../../../../../../Users/dagal/Documents/Unreal Projects/Bekenstein/Content/StarterContent/HDRI/HDRI_Epic_Courtyard_Daylight.uasset"
[2016.06.13-20.45.47:847][  0]LogPackFactory: Copied "../../../Samples/StarterContent/Content/StarterContent/Maps/Advanced_Lighting.umap" to "../../../../../../Users/dagal/Documents/Unreal Projects/Bekenstein/Content/StarterContent/Maps/Advanced_Lighting.umap"
[2016.06.13-20.45.47:949][  0]LogPackFactory: Copied "../../../Samples/StarterContent/Content/StarterContent/Maps/Minimal_Default.umap" to "../../../../../../Users/dagal/Documents/Unreal Projects/Bekenstein/Content/StarterContent/Maps/Minimal_Default.umap"
[2016.06.13-20.45.48:238][  0]LogPackFactory: Copied "../../../Samples/StarterContent/Content/StarterContent/Maps/StarterMap.umap" to "../../../../../../Users/dagal/Documents/Unreal Projects/Bekenstein/Content/StarterContent/Maps/StarterMap.umap"
[2016.06.13-20.45.48:289][  0]LogPackFactory: Copied "../../../Samples/StarterContent/Content/StarterContent/Materials/M_AssetPlatform.uasset" to "../../../../../../Users/dagal/Documents/Unreal Projects/Bekenstein/Content/StarterContent/Materials/M_AssetPlatform.uasset"
[2016.06.13-20.45.48:330][  0]LogPackFactory: Copied "../../../Samples/StarterContent/Content/StarterContent/Materials/M_Basic_Floor.uasset" to "../../../../../../Users/dagal/Documents/Unreal Projects/Bekenstein/Content/StarterContent/Materials/M_Basic_Floor.uasset"
[2016.06.13-20.45.48:374][  0]LogPackFactory: Copied "../../../Samples/StarterContent/Content/StarterContent/Materials/M_Basic_Wall.uasset" to "../../../../../../Users/dagal/Documents/Unreal Projects/Bekenstein/Content/StarterContent/Materials/M_Basic_Wall.uasset"
[2016.06.13-20.45.48:416][  0]LogPackFactory: Copied "../../../Samples/StarterContent/Content/StarterContent/Materials/M_Brick_Clay_Beveled.uasset" to "../../../../../../Users/dagal/Documents/Unreal Projects/Bekenstein/Content/StarterContent/Materials/M_Brick_Clay_Beveled.uasset"
[2016.06.13-20.45.48:433][  0]LogPackFactory: Copied "../../../Samples/StarterContent/Content/StarterContent/Materials/M_Brick_Clay_New.uasset" to "../../../../../../Users/dagal/Documents/Unreal Projects/Bekenstein/Content/StarterContent/Materials/M_Brick_Clay_New.uasset"
[2016.06.13-20.45.48:460][  0]LogPackFactory: Copied "../../../Samples/StarterContent/Content/StarterContent/Materials/M_Brick_Clay_Old.uasset" to "../../../../../../Users/dagal/Documents/Unreal Projects/Bekenstein/Content/StarterContent/Materials/M_Brick_Clay_Old.uasset"
[2016.06.13-20.45.48:502][  0]LogPackFactory: Copied "../../../Samples/StarterContent/Content/StarterContent/Materials/M_Brick_Cut_Stone.uasset" to "../../../../../../Users/dagal/Documents/Unreal Projects/Bekenstein/Content/StarterContent/Materials/M_Brick_Cut_Stone.uasset"
[2016.06.13-20.45.48:562][  0]LogPackFactory: Copied "../../../Samples/StarterContent/Content/StarterContent/Materials/M_Brick_Hewn_Stone.uasset" to "../../../../../../Users/dagal/Documents/Unreal Projects/Bekenstein/Content/StarterContent/Materials/M_Brick_Hewn_Stone.uasset"
[2016.06.13-20.45.48:755][  0]LogPackFactory: Copied "../../../Samples/StarterContent/Content/StarterContent/Materials/M_Ceramic_Tile_Checker.uasset" to "../../../../../../Users/dagal/Documents/Unreal Projects/Bekenstein/Content/StarterContent/Materials/M_Ceramic_Tile_Checker.uasset"
[2016.06.13-20.45.48:887][  0]LogPackFactory: Copied "../../../Samples/StarterContent/Content/StarterContent/Materials/M_CobbleStone_Pebble.uasset" to "../../../../../../Users/dagal/Documents/Unreal Projects/Bekenstein/Content/StarterContent/Materials/M_CobbleStone_Pebble.uasset"
[2016.06.13-20.45.48:999][  0]LogPackFactory: Copied "../../../Samples/StarterContent/Content/StarterContent/Materials/M_CobbleStone_Rough.uasset" to "../../../../../../Users/dagal/Documents/Unreal Projects/Bekenstein/Content/StarterContent/Materials/M_CobbleStone_Rough.uasset"
[2016.06.13-20.45.49:042][  0]LogPackFactory: Copied "../../../Samples/StarterContent/Content/StarterContent/Materials/M_CobbleStone_Smooth.uasset" to "../../../../../../Users/dagal/Documents/Unreal Projects/Bekenstein/Content/StarterContent/Materials/M_CobbleStone_Smooth.uasset"
[2016.06.13-20.45.49:094][  0]LogPackFactory: Copied "../../../Samples/StarterContent/Content/StarterContent/Materials/M_ColorGrid_LowSpec.uasset" to "../../../../../../Users/dagal/Documents/Unreal Projects/Bekenstein/Content/StarterContent/Materials/M_ColorGrid_LowSpec.uasset"
[2016.06.13-20.45.49:153][  0]LogPackFactory: Copied "../../../Samples/StarterContent/Content/StarterContent/Materials/M_Concrete_Grime.uasset" to "../../../../../../Users/dagal/Documents/Unreal Projects/Bekenstein/Content/StarterContent/Materials/M_Concrete_Grime.uasset"
[2016.06.13-20.45.49:175][  0]LogPackFactory: Copied "../../../Samples/StarterContent/Content/StarterContent/Materials/M_Concrete_Panels.uasset" to "../../../../../../Users/dagal/Documents/Unreal Projects/Bekenstein/Content/StarterContent/Materials/M_Concrete_Panels.uasset"
[2016.06.13-20.45.49:191][  0]LogPackFactory: Copied "../../../Samples/StarterContent/Content/StarterContent/Materials/M_Concrete_Poured.uasset" to "../../../../../../Users/dagal/Documents/Unreal Projects/Bekenstein/Content/StarterContent/Materials/M_Concrete_Poured.uasset"
[2016.06.13-20.45.49:288][  0]LogPackFactory: Copied "../../../Samples/StarterContent/Content/StarterContent/Materials/M_Concrete_Tiles.uasset" to "../../../../../../Users/dagal/Documents/Unreal Projects/Bekenstein/Content/StarterContent/Materials/M_Concrete_Tiles.uasset"
[2016.06.13-20.45.49:299][  0]LogPackFactory: Copied "../../../Samples/StarterContent/Content/StarterContent/Materials/M_Glass.uasset" to "../../../../../../Users/dagal/Documents/Unreal Projects/Bekenstein/Content/StarterContent/Materials/M_Glass.uasset"
[2016.06.13-20.45.49:330][  0]LogPackFactory: Copied "../../../Samples/StarterContent/Content/StarterContent/Materials/M_Ground_Grass.uasset" to "../../../../../../Users/dagal/Documents/Unreal Projects/Bekenstein/Content/StarterContent/Materials/M_Ground_Grass.uasset"
[2016.06.13-20.45.49:353][  0]LogPackFactory: Copied "../../../Samples/StarterContent/Content/StarterContent/Materials/M_Ground_Gravel.uasset" to "../../../../../../Users/dagal/Documents/Unreal Projects/Bekenstein/Content/StarterContent/Materials/M_Ground_Gravel.uasset"
[2016.06.13-20.45.49:389][  0]LogPackFactory: Copied "../../../Samples/StarterContent/Content/StarterContent/Materials/M_Ground_Moss.uasset" to "../../../../../../Users/dagal/Documents/Unreal Projects/Bekenstein/Content/StarterContent/Materials/M_Ground_Moss.uasset"
[2016.06.13-20.45.49:419][  0]LogPackFactory: Copied "../../../Samples/StarterContent/Content/StarterContent/Materials/M_Metal_Brushed_Nickel.uasset" to "../../../../../../Users/dagal/Documents/Unreal Projects/Bekenstein/Content/StarterContent/Materials/M_Metal_Brushed_Nickel.uasset"
[2016.06.13-20.45.49:454][  0]LogPackFactory: Copied "../../../Samples/StarterContent/Content/StarterContent/Materials/M_Metal_Burnished_Steel.uasset" to "../../../../../../Users/dagal/Documents/Unreal Projects/Bekenstein/Content/StarterContent/Materials/M_Metal_Burnished_Steel.uasset"
[2016.06.13-20.45.49:501][  0]LogPackFactory: Copied "../../../Samples/StarterContent/Content/StarterContent/Materials/M_Metal_Chrome.uasset" to "../../../../../../Users/dagal/Documents/Unreal Projects/Bekenstein/Content/StarterContent/Materials/M_Metal_Chrome.uasset"
[2016.06.13-20.45.49:523][  0]LogPackFactory: Copied "../../../Samples/StarterContent/Content/StarterContent/Materials/M_Metal_Copper.uasset" to "../../../../../../Users/dagal/Documents/Unreal Projects/Bekenstein/Content/StarterContent/Materials/M_Metal_Copper.uasset"
[2016.06.13-20.45.49:533][  0]LogPackFactory: Copied "../../../Samples/StarterContent/Content/StarterContent/Materials/M_Metal_Gold.uasset" to "../../../../../../Users/dagal/Documents/Unreal Projects/Bekenstein/Content/StarterContent/Materials/M_Metal_Gold.uasset"
[2016.06.13-20.45.49:542][  0]LogPackFactory: Copied "../../../Samples/StarterContent/Content/StarterContent/Materials/M_Metal_Rust.uasset" to "../../../../../../Users/dagal/Documents/Unreal Projects/Bekenstein/Content/StarterContent/Materials/M_Metal_Rust.uasset"
[2016.06.13-20.45.49:550][  0]LogPackFactory: Copied "../../../Samples/StarterContent/Content/StarterContent/Materials/M_Metal_Steel.uasset" to "../../../../../../Users/dagal/Documents/Unreal Projects/Bekenstein/Content/StarterContent/Materials/M_Metal_Steel.uasset"
[2016.06.13-20.45.49:559][  0]LogPackFactory: Copied "../../../Samples/StarterContent/Content/StarterContent/Materials/M_Rock_Basalt.uasset" to "../../../../../../Users/dagal/Documents/Unreal Projects/Bekenstein/Content/StarterContent/Materials/M_Rock_Basalt.uasset"
[2016.06.13-20.45.49:567][  0]LogPackFactory: Copied "../../../Samples/StarterContent/Content/StarterContent/Materials/M_Rock_Marble_Polished.uasset" to "../../../../../../Users/dagal/Documents/Unreal Projects/Bekenstein/Content/StarterContent/Materials/M_Rock_Marble_Polished.uasset"
[2016.06.13-20.45.49:597][  0]LogPackFactory: Copied "../../../Samples/StarterContent/Content/StarterContent/Materials/M_Rock_Sandstone.uasset" to "../../../../../../Users/dagal/Documents/Unreal Projects/Bekenstein/Content/StarterContent/Materials/M_Rock_Sandstone.uasset"
[2016.06.13-20.45.49:630][  0]LogPackFactory: Copied "../../../Samples/StarterContent/Content/StarterContent/Materials/M_Rock_Slate.uasset" to "../../../../../../Users/dagal/Documents/Unreal Projects/Bekenstein/Content/StarterContent/Materials/M_Rock_Slate.uasset"
[2016.06.13-20.45.49:647][  0]LogPackFactory: Copied "../../../Samples/StarterContent/Content/StarterContent/Materials/M_Tech_Checker_Dot.uasset" to "../../../../../../Users/dagal/Documents/Unreal Projects/Bekenstein/Content/StarterContent/Materials/M_Tech_Checker_Dot.uasset"
[2016.06.13-20.45.49:663][  0]LogPackFactory: Copied "../../../Samples/StarterContent/Content/StarterContent/Materials/M_Tech_Hex_Tile.uasset" to "../../../../../../Users/dagal/Documents/Unreal Projects/Bekenstein/Content/StarterContent/Materials/M_Tech_Hex_Tile.uasset"
[2016.06.13-20.45.49:712][  0]LogPackFactory: Copied "../../../Samples/StarterContent/Content/StarterContent/Materials/M_Tech_Hex_Tile_Pulse.uasset" to "../../../../../../Users/dagal/Documents/Unreal Projects/Bekenstein/Content/StarterContent/Materials/M_Tech_Hex_Tile_Pulse.uasset"
[2016.06.13-20.45.49:740][  0]LogPackFactory: Copied "../../../Samples/StarterContent/Content/StarterContent/Materials/M_Tech_Panel.uasset" to "../../../../../../Users/dagal/Documents/Unreal Projects/Bekenstein/Content/StarterContent/Materials/M_Tech_Panel.uasset"
[2016.06.13-20.45.49:751][  0]LogPackFactory: Copied "../../../Samples/StarterContent/Content/StarterContent/Materials/M_Water_Lake.uasset" to "../../../../../../Users/dagal/Documents/Unreal Projects/Bekenstein/Content/StarterContent/Materials/M_Water_Lake.uasset"
[2016.06.13-20.45.49:785][  0]LogPackFactory: Copied "../../../Samples/StarterContent/Content/StarterContent/Materials/M_Water_Ocean.uasset" to "../../../../../../Users/dagal/Documents/Unreal Projects/Bekenstein/Content/StarterContent/Materials/M_Water_Ocean.uasset"
[2016.06.13-20.45.49:827][  0]LogPackFactory: Copied "../../../Samples/StarterContent/Content/StarterContent/Materials/M_Wood_Floor_Walnut_Polished.uasset" to "../../../../../../Users/dagal/Documents/Unreal Projects/Bekenstein/Content/StarterContent/Materials/M_Wood_Floor_Walnut_Polished.uasset"
[2016.06.13-20.45.49:839][  0]LogPackFactory: Copied "../../../Samples/StarterContent/Content/StarterContent/Materials/M_Wood_Floor_Walnut_Worn.uasset" to "../../../../../../Users/dagal/Documents/Unreal Projects/Bekenstein/Content/StarterContent/Materials/M_Wood_Floor_Walnut_Worn.uasset"
[2016.06.13-20.45.49:875][  0]LogPackFactory: Copied "../../../Samples/StarterContent/Content/StarterContent/Materials/M_Wood_Oak.uasset" to "../../../../../../Users/dagal/Documents/Unreal Projects/Bekenstein/Content/StarterContent/Materials/M_Wood_Oak.uasset"
[2016.06.13-20.45.49:910][  0]LogPackFactory: Copied "../../../Samples/StarterContent/Content/StarterContent/Materials/M_Wood_Pine.uasset" to "../../../../../../Users/dagal/Documents/Unreal Projects/Bekenstein/Content/StarterContent/Materials/M_Wood_Pine.uasset"
[2016.06.13-20.45.49:956][  0]LogPackFactory: Copied "../../../Samples/StarterContent/Content/StarterContent/Materials/M_Wood_Walnut.uasset" to "../../../../../../Users/dagal/Documents/Unreal Projects/Bekenstein/Content/StarterContent/Materials/M_Wood_Walnut.uasset"
[2016.06.13-20.45.50:052][  0]LogPackFactory: Copied "../../../Samples/StarterContent/Content/StarterContent/Particles/P_Ambient_Dust.uasset" to "../../../../../../Users/dagal/Documents/Unreal Projects/Bekenstein/Content/StarterContent/Particles/P_Ambient_Dust.uasset"
[2016.06.13-20.45.50:262][  0]LogPackFactory: Copied "../../../Samples/StarterContent/Content/StarterContent/Particles/P_Explosion.uasset" to "../../../../../../Users/dagal/Documents/Unreal Projects/Bekenstein/Content/StarterContent/Particles/P_Explosion.uasset"
[2016.06.13-20.45.50:287][  0]LogPackFactory: Copied "../../../Samples/StarterContent/Content/StarterContent/Particles/P_Fire.uasset" to "../../../../../../Users/dagal/Documents/Unreal Projects/Bekenstein/Content/StarterContent/Particles/P_Fire.uasset"
[2016.06.13-20.45.50:309][  0]LogPackFactory: Copied "../../../Samples/StarterContent/Content/StarterContent/Particles/P_Smoke.uasset" to "../../../../../../Users/dagal/Documents/Unreal Projects/Bekenstein/Content/StarterContent/Particles/P_Smoke.uasset"
[2016.06.13-20.45.50:317][  0]LogPackFactory: Copied "../../../Samples/StarterContent/Content/StarterContent/Particles/P_Sparks.uasset" to "../../../../../../Users/dagal/Documents/Unreal Projects/Bekenstein/Content/StarterContent/Particles/P_Sparks.uasset"
[2016.06.13-20.45.50:326][  0]LogPackFactory: Copied "../../../Samples/StarterContent/Content/StarterContent/Particles/P_Steam_Lit.uasset" to "../../../../../../Users/dagal/Documents/Unreal Projects/Bekenstein/Content/StarterContent/Particles/P_Steam_Lit.uasset"
[2016.06.13-20.45.50:381][  0]LogPackFactory: Copied "../../../Samples/StarterContent/Content/StarterContent/Particles/Materials/M_Burst.uasset" to "../../../../../../Users/dagal/Documents/Unreal Projects/Bekenstein/Content/StarterContent/Particles/Materials/M_Burst.uasset"
[2016.06.13-20.45.50:400][  0]LogPackFactory: Copied "../../../Samples/StarterContent/Content/StarterContent/Particles/Materials/M_Dust_Particle.uasset" to "../../../../../../Users/dagal/Documents/Unreal Projects/Bekenstein/Content/StarterContent/Particles/Materials/M_Dust_Particle.uasset"
[2016.06.13-20.45.50:429][  0]LogPackFactory: Copied "../../../Samples/StarterContent/Content/StarterContent/Particles/Materials/M_explosion_subUV.uasset" to "../../../../../../Users/dagal/Documents/Unreal Projects/Bekenstein/Content/StarterContent/Particles/Materials/M_explosion_subUV.uasset"
[2016.06.13-20.45.50:506][  0]LogPackFactory: Copied "../../../Samples/StarterContent/Content/StarterContent/Particles/Materials/M_Fire_SubUV.uasset" to "../../../../../../Users/dagal/Documents/Unreal Projects/Bekenstein/Content/StarterContent/Particles/Materials/M_Fire_SubUV.uasset"
[2016.06.13-20.45.50:554][  0]LogPackFactory: Copied "../../../Samples/StarterContent/Content/StarterContent/Particles/Materials/m_flare_01.uasset" to "../../../../../../Users/dagal/Documents/Unreal Projects/Bekenstein/Content/StarterContent/Particles/Materials/m_flare_01.uasset"
[2016.06.13-20.45.50:569][  0]LogPackFactory: Copied "../../../Samples/StarterContent/Content/StarterContent/Particles/Materials/M_Heat_Distortion.uasset" to "../../../../../../Users/dagal/Documents/Unreal Projects/Bekenstein/Content/StarterContent/Particles/Materials/M_Heat_Distortion.uasset"
[2016.06.13-20.45.50:581][  0]LogPackFactory: Copied "../../../Samples/StarterContent/Content/StarterContent/Particles/Materials/M_Radial_Gradient.uasset" to "../../../../../../Users/dagal/Documents/Unreal Projects/Bekenstein/Content/StarterContent/Particles/Materials/M_Radial_Gradient.uasset"
[2016.06.13-20.45.50:592][  0]LogPackFactory: Copied "../../../Samples/StarterContent/Content/StarterContent/Particles/Materials/M_radial_ramp.uasset" to "../../../../../../Users/dagal/Documents/Unreal Projects/Bekenstein/Content/StarterContent/Particles/Materials/M_radial_ramp.uasset"
[2016.06.13-20.45.50:600][  0]LogPackFactory: Copied "../../../Samples/StarterContent/Content/StarterContent/Particles/Materials/M_smoke_subUV.uasset" to "../../../../../../Users/dagal/Documents/Unreal Projects/Bekenstein/Content/StarterContent/Particles/Materials/M_smoke_subUV.uasset"
[2016.06.13-20.45.50:606][  0]LogPackFactory: Copied "../../../Samples/StarterContent/Content/StarterContent/Particles/Materials/M_Spark.uasset" to "../../../../../../Users/dagal/Documents/Unreal Projects/Bekenstein/Content/StarterContent/Particles/Materials/M_Spark.uasset"
[2016.06.13-20.45.50:622][  0]LogPackFactory: Copied "../../../Samples/StarterContent/Content/StarterContent/Props/MaterialSphere.uasset" to "../../../../../../Users/dagal/Documents/Unreal Projects/Bekenstein/Content/StarterContent/Props/MaterialSphere.uasset"
[2016.06.13-20.45.50:640][  0]LogPackFactory: Copied "../../../Samples/StarterContent/Content/StarterContent/Props/SM_Bush.uasset" to "../../../../../../Users/dagal/Documents/Unreal Projects/Bekenstein/Content/StarterContent/Props/SM_Bush.uasset"
[2016.06.13-20.45.50:647][  0]LogPackFactory: Copied "../../../Samples/StarterContent/Content/StarterContent/Props/SM_Chair.uasset" to "../../../../../../Users/dagal/Documents/Unreal Projects/Bekenstein/Content/StarterContent/Props/SM_Chair.uasset"
[2016.06.13-20.45.50:653][  0]LogPackFactory: Copied "../../../Samples/StarterContent/Content/StarterContent/Props/SM_CornerFrame.uasset" to "../../../../../../Users/dagal/Documents/Unreal Projects/Bekenstein/Content/StarterContent/Props/SM_CornerFrame.uasset"
[2016.06.13-20.45.50:662][  0]LogPackFactory: Copied "../../../Samples/StarterContent/Content/StarterContent/Props/SM_Couch.uasset" to "../../../../../../Users/dagal/Documents/Unreal Projects/Bekenstein/Content/StarterContent/Props/SM_Couch.uasset"
[2016.06.13-20.45.50:669][  0]LogPackFactory: Copied "../../../Samples/StarterContent/Content/StarterContent/Props/SM_Door.uasset" to "../../../../../../Users/dagal/Documents/Unreal Projects/Bekenstein/Content/StarterContent/Props/SM_Door.uasset"
[2016.06.13-20.45.50:675][  0]LogPackFactory: Copied "../../../Samples/StarterContent/Content/StarterContent/Props/SM_DoorFrame.uasset" to "../../../../../../Users/dagal/Documents/Unreal Projects/Bekenstein/Content/StarterContent/Props/SM_DoorFrame.uasset"
[2016.06.13-20.45.50:681][  0]LogPackFactory: Copied "../../../Samples/StarterContent/Content/StarterContent/Props/SM_GlassWindow.uasset" to "../../../../../../Users/dagal/Documents/Unreal Projects/Bekenstein/Content/StarterContent/Props/SM_GlassWindow.uasset"
[2016.06.13-20.45.50:707][  0]LogPackFactory: Copied "../../../Samples/StarterContent/Content/StarterContent/Props/SM_Lamp_Ceiling.uasset" to "../../../../../../Users/dagal/Documents/Unreal Projects/Bekenstein/Content/StarterContent/Props/SM_Lamp_Ceiling.uasset"
[2016.06.13-20.45.50:714][  0]LogPackFactory: Copied "../../../Samples/StarterContent/Content/StarterContent/Props/SM_Lamp_Wall.uasset" to "../../../../../../Users/dagal/Documents/Unreal Projects/Bekenstein/Content/StarterContent/Props/SM_Lamp_Wall.uasset"
[2016.06.13-20.45.50:757][  0]LogPackFactory: Copied "../../../Samples/StarterContent/Content/StarterContent/Props/SM_MatPreviewMesh_02.uasset" to "../../../../../../Users/dagal/Documents/Unreal Projects/Bekenstein/Content/StarterContent/Props/SM_MatPreviewMesh_02.uasset"
[2016.06.13-20.45.50:764][  0]LogPackFactory: Copied "../../../Samples/StarterContent/Content/StarterContent/Props/SM_PillarFrame.uasset" to "../../../../../../Users/dagal/Documents/Unreal Projects/Bekenstein/Content/StarterContent/Props/SM_PillarFrame.uasset"
[2016.06.13-20.45.50:780][  0]LogPackFactory: Copied "../../../Samples/StarterContent/Content/StarterContent/Props/SM_PillarFrame300.uasset" to "../../../../../../Users/dagal/Documents/Unreal Projects/Bekenstein/Content/StarterContent/Props/SM_PillarFrame300.uasset"
[2016.06.13-20.45.50:787][  0]LogPackFactory: Copied "../../../Samples/StarterContent/Content/StarterContent/Props/SM_Rock.uasset" to "../../../../../../Users/dagal/Documents/Unreal Projects/Bekenstein/Content/StarterContent/Props/SM_Rock.uasset"
[2016.06.13-20.45.50:794][  0]LogPackFactory: Copied "../../../Samples/StarterContent/Content/StarterContent/Props/SM_Shelf.uasset" to "../../../../../../Users/dagal/Documents/Unreal Projects/Bekenstein/Content/StarterContent/Props/SM_Shelf.uasset"
[2016.06.13-20.45.50:800][  0]LogPackFactory: Copied "../../../Samples/StarterContent/Content/StarterContent/Props/SM_Stairs.uasset" to "../../../../../../Users/dagal/Documents/Unreal Projects/Bekenstein/Content/StarterContent/Props/SM_Stairs.uasset"
[2016.06.13-20.45.50:809][  0]LogPackFactory: Copied "../../../Samples/StarterContent/Content/StarterContent/Props/SM_Statue.uasset" to "../../../../../../Users/dagal/Documents/Unreal Projects/Bekenstein/Content/StarterContent/Props/SM_Statue.uasset"
[2016.06.13-20.45.50:832][  0]LogPackFactory: Copied "../../../Samples/StarterContent/Content/StarterContent/Props/SM_TableRound.uasset" to "../../../../../../Users/dagal/Documents/Unreal Projects/Bekenstein/Content/StarterContent/Props/SM_TableRound.uasset"
[2016.06.13-20.45.50:841][  0]LogPackFactory: Copied "../../../Samples/StarterContent/Content/StarterContent/Props/SM_WindowFrame.uasset" to "../../../../../../Users/dagal/Documents/Unreal Projects/Bekenstein/Content/StarterContent/Props/SM_WindowFrame.uasset"
[2016.06.13-20.45.50:855][  0]LogPackFactory: Copied "../../../Samples/StarterContent/Content/StarterContent/Props/Materials/M_Bush.uasset" to "../../../../../../Users/dagal/Documents/Unreal Projects/Bekenstein/Content/StarterContent/Props/Materials/M_Bush.uasset"
[2016.06.13-20.45.50:861][  0]LogPackFactory: Copied "../../../Samples/StarterContent/Content/StarterContent/Props/Materials/M_Chair.uasset" to "../../../../../../Users/dagal/Documents/Unreal Projects/Bekenstein/Content/StarterContent/Props/Materials/M_Chair.uasset"
[2016.06.13-20.45.50:879][  0]LogPackFactory: Copied "../../../Samples/StarterContent/Content/StarterContent/Props/Materials/M_Door.uasset" to "../../../../../../Users/dagal/Documents/Unreal Projects/Bekenstein/Content/StarterContent/Props/Materials/M_Door.uasset"
[2016.06.13-20.45.50:885][  0]LogPackFactory: Copied "../../../Samples/StarterContent/Content/StarterContent/Props/Materials/M_Frame.uasset" to "../../../../../../Users/dagal/Documents/Unreal Projects/Bekenstein/Content/StarterContent/Props/Materials/M_Frame.uasset"
[2016.06.13-20.45.50:892][  0]LogPackFactory: Copied "../../../Samples/StarterContent/Content/StarterContent/Props/Materials/M_Lamp.uasset" to "../../../../../../Users/dagal/Documents/Unreal Projects/Bekenstein/Content/StarterContent/Props/Materials/M_Lamp.uasset"
[2016.06.13-20.45.50:898][  0]LogPackFactory: Copied "../../../Samples/StarterContent/Content/StarterContent/Props/Materials/M_MaterialSphere.uasset" to "../../../../../../Users/dagal/Documents/Unreal Projects/Bekenstein/Content/StarterContent/Props/Materials/M_MaterialSphere.uasset"
[2016.06.13-20.45.50:904][  0]LogPackFactory: Copied "../../../Samples/StarterContent/Content/StarterContent/Props/Materials/M_MaterialSphere_Plain.uasset" to "../../../../../../Users/dagal/Documents/Unreal Projects/Bekenstein/Content/StarterContent/Props/Materials/M_MaterialSphere_Plain.uasset"
[2016.06.13-20.45.50:911][  0]LogPackFactory: Copied "../../../Samples/StarterContent/Content/StarterContent/Props/Materials/M_Rock.uasset" to "../../../../../../Users/dagal/Documents/Unreal Projects/Bekenstein/Content/StarterContent/Props/Materials/M_Rock.uasset"
[2016.06.13-20.45.50:917][  0]LogPackFactory: Copied "../../../Samples/StarterContent/Content/StarterContent/Props/Materials/M_Shelf.uasset" to "../../../../../../Users/dagal/Documents/Unreal Projects/Bekenstein/Content/StarterContent/Props/Materials/M_Shelf.uasset"
[2016.06.13-20.45.50:924][  0]LogPackFactory: Copied "../../../Samples/StarterContent/Content/StarterContent/Props/Materials/M_Statue.uasset" to "../../../../../../Users/dagal/Documents/Unreal Projects/Bekenstein/Content/StarterContent/Props/Materials/M_Statue.uasset"
[2016.06.13-20.45.50:937][  0]LogPackFactory: Copied "../../../Samples/StarterContent/Content/StarterContent/Props/Materials/M_StatueGlass.uasset" to "../../../../../../Users/dagal/Documents/Unreal Projects/Bekenstein/Content/StarterContent/Props/Materials/M_StatueGlass.uasset"
[2016.06.13-20.45.50:944][  0]LogPackFactory: Copied "../../../Samples/StarterContent/Content/StarterContent/Props/Materials/M_TableRound.uasset" to "../../../../../../Users/dagal/Documents/Unreal Projects/Bekenstein/Content/StarterContent/Props/Materials/M_TableRound.uasset"
[2016.06.13-20.45.50:952][  0]LogPackFactory: Copied "../../../Samples/StarterContent/Content/StarterContent/Shapes/Shape_Cone.uasset" to "../../../../../../Users/dagal/Documents/Unreal Projects/Bekenstein/Content/StarterContent/Shapes/Shape_Cone.uasset"
[2016.06.13-20.45.50:958][  0]LogPackFactory: Copied "../../../Samples/StarterContent/Content/StarterContent/Shapes/Shape_Cube.uasset" to "../../../../../../Users/dagal/Documents/Unreal Projects/Bekenstein/Content/StarterContent/Shapes/Shape_Cube.uasset"
[2016.06.13-20.45.50:966][  0]LogPackFactory: Copied "../../../Samples/StarterContent/Content/StarterContent/Shapes/Shape_Cylinder.uasset" to "../../../../../../Users/dagal/Documents/Unreal Projects/Bekenstein/Content/StarterContent/Shapes/Shape_Cylinder.uasset"
[2016.06.13-20.45.50:974][  0]LogPackFactory: Copied "../../../Samples/StarterContent/Content/StarterContent/Shapes/Shape_NarrowCapsule.uasset" to "../../../../../../Users/dagal/Documents/Unreal Projects/Bekenstein/Content/StarterContent/Shapes/Shape_NarrowCapsule.uasset"
[2016.06.13-20.45.50:980][  0]LogPackFactory: Copied "../../../Samples/StarterContent/Content/StarterContent/Shapes/Shape_Pipe.uasset" to "../../../../../../Users/dagal/Documents/Unreal Projects/Bekenstein/Content/StarterContent/Shapes/Shape_Pipe.uasset"
[2016.06.13-20.45.50:987][  0]LogPackFactory: Copied "../../../Samples/StarterContent/Content/StarterContent/Shapes/Shape_Pipe_180.uasset" to "../../../../../../Users/dagal/Documents/Unreal Projects/Bekenstein/Content/StarterContent/Shapes/Shape_Pipe_180.uasset"
[2016.06.13-20.45.50:994][  0]LogPackFactory: Copied "../../../Samples/StarterContent/Content/StarterContent/Shapes/Shape_Pipe_90.uasset" to "../../../../../../Users/dagal/Documents/Unreal Projects/Bekenstein/Content/StarterContent/Shapes/Shape_Pipe_90.uasset"
[2016.06.13-20.45.50:999][  0]LogPackFactory: Copied "../../../Samples/StarterContent/Content/StarterContent/Shapes/Shape_Plane.uasset" to "../../../../../../Users/dagal/Documents/Unreal Projects/Bekenstein/Content/StarterContent/Shapes/Shape_Plane.uasset"
[2016.06.13-20.45.51:005][  0]LogPackFactory: Copied "../../../Samples/StarterContent/Content/StarterContent/Shapes/Shape_QuadPyramid.uasset" to "../../../../../../Users/dagal/Documents/Unreal Projects/Bekenstein/Content/StarterContent/Shapes/Shape_QuadPyramid.uasset"
[2016.06.13-20.45.51:027][  0]LogPackFactory: Copied "../../../Samples/StarterContent/Content/StarterContent/Shapes/Shape_Sphere.uasset" to "../../../../../../Users/dagal/Documents/Unreal Projects/Bekenstein/Content/StarterContent/Shapes/Shape_Sphere.uasset"
[2016.06.13-20.45.51:035][  0]LogPackFactory: Copied "../../../Samples/StarterContent/Content/StarterContent/Shapes/Shape_Torus.uasset" to "../../../../../../Users/dagal/Documents/Unreal Projects/Bekenstein/Content/StarterContent/Shapes/Shape_Torus.uasset"
[2016.06.13-20.45.51:042][  0]LogPackFactory: Copied "../../../Samples/StarterContent/Content/StarterContent/Shapes/Shape_Trim.uasset" to "../../../../../../Users/dagal/Documents/Unreal Projects/Bekenstein/Content/StarterContent/Shapes/Shape_Trim.uasset"
[2016.06.13-20.45.51:048][  0]LogPackFactory: Copied "../../../Samples/StarterContent/Content/StarterContent/Shapes/Shape_Trim_90_In.uasset" to "../../../../../../Users/dagal/Documents/Unreal Projects/Bekenstein/Content/StarterContent/Shapes/Shape_Trim_90_In.uasset"
[2016.06.13-20.45.51:064][  0]LogPackFactory: Copied "../../../Samples/StarterContent/Content/StarterContent/Shapes/Shape_Trim_90_Out.uasset" to "../../../../../../Users/dagal/Documents/Unreal Projects/Bekenstein/Content/StarterContent/Shapes/Shape_Trim_90_Out.uasset"
[2016.06.13-20.45.51:069][  0]LogPackFactory: Copied "../../../Samples/StarterContent/Content/StarterContent/Shapes/Shape_TriPyramid.uasset" to "../../../../../../Users/dagal/Documents/Unreal Projects/Bekenstein/Content/StarterContent/Shapes/Shape_TriPyramid.uasset"
[2016.06.13-20.45.51:076][  0]LogPackFactory: Copied "../../../Samples/StarterContent/Content/StarterContent/Shapes/Shape_Tube.uasset" to "../../../../../../Users/dagal/Documents/Unreal Projects/Bekenstein/Content/StarterContent/Shapes/Shape_Tube.uasset"
[2016.06.13-20.45.51:082][  0]LogPackFactory: Copied "../../../Samples/StarterContent/Content/StarterContent/Shapes/Shape_Wedge_A.uasset" to "../../../../../../Users/dagal/Documents/Unreal Projects/Bekenstein/Content/StarterContent/Shapes/Shape_Wedge_A.uasset"
[2016.06.13-20.45.51:088][  0]LogPackFactory: Copied "../../../Samples/StarterContent/Content/StarterContent/Shapes/Shape_Wedge_B.uasset" to "../../../../../../Users/dagal/Documents/Unreal Projects/Bekenstein/Content/StarterContent/Shapes/Shape_Wedge_B.uasset"
[2016.06.13-20.45.51:122][  0]LogPackFactory: Copied "../../../Samples/StarterContent/Content/StarterContent/Shapes/Shape_WideCapsule.uasset" to "../../../../../../Users/dagal/Documents/Unreal Projects/Bekenstein/Content/StarterContent/Shapes/Shape_WideCapsule.uasset"
[2016.06.13-20.45.51:235][  0]LogPackFactory: Copied "../../../Samples/StarterContent/Content/StarterContent/Textures/T_Brick_Clay_Beveled_D.uasset" to "../../../../../../Users/dagal/Documents/Unreal Projects/Bekenstein/Content/StarterContent/Textures/T_Brick_Clay_Beveled_D.uasset"
[2016.06.13-20.45.51:390][  0]LogPackFactory: Copied "../../../Samples/StarterContent/Content/StarterContent/Textures/T_Brick_Clay_Beveled_M.uasset" to "../../../../../../Users/dagal/Documents/Unreal Projects/Bekenstein/Content/StarterContent/Textures/T_Brick_Clay_Beveled_M.uasset"
[2016.06.13-20.45.51:626][  0]LogPackFactory: Copied "../../../Samples/StarterContent/Content/StarterContent/Textures/T_Brick_Clay_Beveled_N.uasset" to "../../../../../../Users/dagal/Documents/Unreal Projects/Bekenstein/Content/StarterContent/Textures/T_Brick_Clay_Beveled_N.uasset"
[2016.06.13-20.45.51:819][  0]LogPackFactory: Copied "../../../Samples/StarterContent/Content/StarterContent/Textures/T_Brick_Clay_New_D.uasset" to "../../../../../../Users/dagal/Documents/Unreal Projects/Bekenstein/Content/StarterContent/Textures/T_Brick_Clay_New_D.uasset"
[2016.06.13-20.45.52:070][  0]LogPackFactory: Copied "../../../Samples/StarterContent/Content/StarterContent/Textures/T_Brick_Clay_New_M.uasset" to "../../../../../../Users/dagal/Documents/Unreal Projects/Bekenstein/Content/StarterContent/Textures/T_Brick_Clay_New_M.uasset"
[2016.06.13-20.45.52:172][  0]LogPackFactory: Copied "../../../Samples/StarterContent/Content/StarterContent/Textures/T_Brick_Clay_New_N.uasset" to "../../../../../../Users/dagal/Documents/Unreal Projects/Bekenstein/Content/StarterContent/Textures/T_Brick_Clay_New_N.uasset"
[2016.06.13-20.45.52:351][  0]LogPackFactory: Copied "../../../Samples/StarterContent/Content/StarterContent/Textures/T_Brick_Clay_Old_D.uasset" to "../../../../../../Users/dagal/Documents/Unreal Projects/Bekenstein/Content/StarterContent/Textures/T_Brick_Clay_Old_D.uasset"
[2016.06.13-20.45.52:489][  0]LogPackFactory: Copied "../../../Samples/StarterContent/Content/StarterContent/Textures/T_Brick_Clay_Old_N.uasset" to "../../../../../../Users/dagal/Documents/Unreal Projects/Bekenstein/Content/StarterContent/Textures/T_Brick_Clay_Old_N.uasset"
[2016.06.13-20.45.52:692][  0]LogPackFactory: Copied "../../../Samples/StarterContent/Content/StarterContent/Textures/T_Brick_Cut_Stone_D.uasset" to "../../../../../../Users/dagal/Documents/Unreal Projects/Bekenstein/Content/StarterContent/Textures/T_Brick_Cut_Stone_D.uasset"
[2016.06.13-20.45.52:937][  0]LogPackFactory: Copied "../../../Samples/StarterContent/Content/StarterContent/Textures/T_Brick_Cut_Stone_N.uasset" to "../../../../../../Users/dagal/Documents/Unreal Projects/Bekenstein/Content/StarterContent/Textures/T_Brick_Cut_Stone_N.uasset"
[2016.06.13-20.45.53:144][  0]LogPackFactory: Copied "../../../Samples/StarterContent/Content/StarterContent/Textures/T_Brick_Hewn_Stone_D.uasset" to "../../../../../../Users/dagal/Documents/Unreal Projects/Bekenstein/Content/StarterContent/Textures/T_Brick_Hewn_Stone_D.uasset"
[2016.06.13-20.45.53:590][  0]LogPackFactory: Copied "../../../Samples/StarterContent/Content/StarterContent/Textures/T_Brick_Hewn_Stone_M.uasset" to "../../../../../../Users/dagal/Documents/Unreal Projects/Bekenstein/Content/StarterContent/Textures/T_Brick_Hewn_Stone_M.uasset"
[2016.06.13-20.45.53:755][  0]LogPackFactory: Copied "../../../Samples/StarterContent/Content/StarterContent/Textures/T_Brick_Hewn_Stone_N.uasset" to "../../../../../../Users/dagal/Documents/Unreal Projects/Bekenstein/Content/StarterContent/Textures/T_Brick_Hewn_Stone_N.uasset"
[2016.06.13-20.45.53:813][  0]LogPackFactory: Copied "../../../Samples/StarterContent/Content/StarterContent/Textures/T_Burst_M.uasset" to "../../../../../../Users/dagal/Documents/Unreal Projects/Bekenstein/Content/StarterContent/Textures/T_Burst_M.uasset"
[2016.06.13-20.45.53:908][  0]LogPackFactory: Copied "../../../Samples/StarterContent/Content/StarterContent/Textures/T_Bush_D.uasset" to "../../../../../../Users/dagal/Documents/Unreal Projects/Bekenstein/Content/StarterContent/Textures/T_Bush_D.uasset"
[2016.06.13-20.45.53:930][  0]LogPackFactory: Copied "../../../Samples/StarterContent/Content/StarterContent/Textures/T_Bush_N.uasset" to "../../../../../../Users/dagal/Documents/Unreal Projects/Bekenstein/Content/StarterContent/Textures/T_Bush_N.uasset"
[2016.06.13-20.45.53:944][  0]LogPackFactory: Copied "../../../Samples/StarterContent/Content/StarterContent/Textures/T_Ceramic_Tile_M.uasset" to "../../../../../../Users/dagal/Documents/Unreal Projects/Bekenstein/Content/StarterContent/Textures/T_Ceramic_Tile_M.uasset"
[2016.06.13-20.45.53:983][  0]LogPackFactory: Copied "../../../Samples/StarterContent/Content/StarterContent/Textures/T_Ceramic_Tile_N.uasset" to "../../../../../../Users/dagal/Documents/Unreal Projects/Bekenstein/Content/StarterContent/Textures/T_Ceramic_Tile_N.uasset"
[2016.06.13-20.45.54:051][  0]LogPackFactory: Copied "../../../Samples/StarterContent/Content/StarterContent/Textures/T_Chair_M.uasset" to "../../../../../../Users/dagal/Documents/Unreal Projects/Bekenstein/Content/StarterContent/Textures/T_Chair_M.uasset"
[2016.06.13-20.45.54:131][  0]LogPackFactory: Copied "../../../Samples/StarterContent/Content/StarterContent/Textures/T_Chair_N.uasset" to "../../../../../../Users/dagal/Documents/Unreal Projects/Bekenstein/Content/StarterContent/Textures/T_Chair_N.uasset"
[2016.06.13-20.45.54:178][  0]LogPackFactory: Copied "../../../Samples/StarterContent/Content/StarterContent/Textures/T_Checker_Noise_M.uasset" to "../../../../../../Users/dagal/Documents/Unreal Projects/Bekenstein/Content/StarterContent/Textures/T_Checker_Noise_M.uasset"
[2016.06.13-20.45.54:381][  0]LogPackFactory: Copied "../../../Samples/StarterContent/Content/StarterContent/Textures/T_CobbleStone_Pebble_D.uasset" to "../../../../../../Users/dagal/Documents/Unreal Projects/Bekenstein/Content/StarterContent/Textures/T_CobbleStone_Pebble_D.uasset"
[2016.06.13-20.45.54:450][  0]LogPackFactory: Copied "../../../Samples/StarterContent/Content/StarterContent/Textures/T_CobbleStone_Pebble_M.uasset" to "../../../../../../Users/dagal/Documents/Unreal Projects/Bekenstein/Content/StarterContent/Textures/T_CobbleStone_Pebble_M.uasset"
[2016.06.13-20.45.54:703][  0]LogPackFactory: Copied "../../../Samples/StarterContent/Content/StarterContent/Textures/T_CobbleStone_Pebble_N.uasset" to "../../../../../../Users/dagal/Documents/Unreal Projects/Bekenstein/Content/StarterContent/Textures/T_CobbleStone_Pebble_N.uasset"
[2016.06.13-20.45.54:811][  0]LogPackFactory: Copied "../../../Samples/StarterContent/Content/StarterContent/Textures/T_CobbleStone_Rough_D.uasset" to "../../../../../../Users/dagal/Documents/Unreal Projects/Bekenstein/Content/StarterContent/Textures/T_CobbleStone_Rough_D.uasset"
[2016.06.13-20.45.54:899][  0]LogPackFactory: Copied "../../../Samples/StarterContent/Content/StarterContent/Textures/T_CobbleStone_Rough_N.uasset" to "../../../../../../Users/dagal/Documents/Unreal Projects/Bekenstein/Content/StarterContent/Textures/T_CobbleStone_Rough_N.uasset"
[2016.06.13-20.45.55:044][  0]LogPackFactory: Copied "../../../Samples/StarterContent/Content/StarterContent/Textures/T_CobbleStone_Smooth_D.uasset" to "../../../../../../Users/dagal/Documents/Unreal Projects/Bekenstein/Content/StarterContent/Textures/T_CobbleStone_Smooth_D.uasset"
[2016.06.13-20.45.55:165][  0]LogPackFactory: Copied "../../../Samples/StarterContent/Content/StarterContent/Textures/T_CobbleStone_Smooth_M.uasset" to "../../../../../../Users/dagal/Documents/Unreal Projects/Bekenstein/Content/StarterContent/Textures/T_CobbleStone_Smooth_M.uasset"
[2016.06.13-20.45.55:301][  0]LogPackFactory: Copied "../../../Samples/StarterContent/Content/StarterContent/Textures/T_CobbleStone_Smooth_N.uasset" to "../../../../../../Users/dagal/Documents/Unreal Projects/Bekenstein/Content/StarterContent/Textures/T_CobbleStone_Smooth_N.uasset"
[2016.06.13-20.45.55:498][  0]LogPackFactory: Copied "../../../Samples/StarterContent/Content/StarterContent/Textures/T_Concrete_Grime_D.uasset" to "../../../../../../Users/dagal/Documents/Unreal Projects/Bekenstein/Content/StarterContent/Textures/T_Concrete_Grime_D.uasset"
[2016.06.13-20.45.55:667][  0]LogPackFactory: Copied "../../../Samples/StarterContent/Content/StarterContent/Textures/T_Concrete_Panels_D.uasset" to "../../../../../../Users/dagal/Documents/Unreal Projects/Bekenstein/Content/StarterContent/Textures/T_Concrete_Panels_D.uasset"
[2016.06.13-20.45.55:800][  0]LogPackFactory: Copied "../../../Samples/StarterContent/Content/StarterContent/Textures/T_Concrete_Panels_N.uasset" to "../../../../../../Users/dagal/Documents/Unreal Projects/Bekenstein/Content/StarterContent/Textures/T_Concrete_Panels_N.uasset"
[2016.06.13-20.45.55:986][  0]LogPackFactory: Copied "../../../Samples/StarterContent/Content/StarterContent/Textures/T_Concrete_Poured_D.uasset" to "../../../../../../Users/dagal/Documents/Unreal Projects/Bekenstein/Content/StarterContent/Textures/T_Concrete_Poured_D.uasset"
[2016.06.13-20.45.56:145][  0]LogPackFactory: Copied "../../../Samples/StarterContent/Content/StarterContent/Textures/T_Concrete_Poured_N.uasset" to "../../../../../../Users/dagal/Documents/Unreal Projects/Bekenstein/Content/StarterContent/Textures/T_Concrete_Poured_N.uasset"
[2016.06.13-20.45.56:278][  0]LogPackFactory: Copied "../../../Samples/StarterContent/Content/StarterContent/Textures/T_Concrete_Tiles_D.uasset" to "../../../../../../Users/dagal/Documents/Unreal Projects/Bekenstein/Content/StarterContent/Textures/T_Concrete_Tiles_D.uasset"
[2016.06.13-20.45.56:399][  0]LogPackFactory: Copied "../../../Samples/StarterContent/Content/StarterContent/Textures/T_Concrete_Tiles_M.uasset" to "../../../../../../Users/dagal/Documents/Unreal Projects/Bekenstein/Content/StarterContent/Textures/T_Concrete_Tiles_M.uasset"
[2016.06.13-20.45.56:564][  0]LogPackFactory: Copied "../../../Samples/StarterContent/Content/StarterContent/Textures/T_Concrete_Tiles_N.uasset" to "../../../../../../Users/dagal/Documents/Unreal Projects/Bekenstein/Content/StarterContent/Textures/T_Concrete_Tiles_N.uasset"
[2016.06.13-20.45.56:623][  0]LogPackFactory: Copied "../../../Samples/StarterContent/Content/StarterContent/Textures/T_Concrete_Tiles_Variation_M.uasset" to "../../../../../../Users/dagal/Documents/Unreal Projects/Bekenstein/Content/StarterContent/Textures/T_Concrete_Tiles_Variation_M.uasset"
[2016.06.13-20.45.56:680][  0]LogPackFactory: Copied "../../../Samples/StarterContent/Content/StarterContent/Textures/T_Detail_Rocky_N.uasset" to "../../../../../../Users/dagal/Documents/Unreal Projects/Bekenstein/Content/StarterContent/Textures/T_Detail_Rocky_N.uasset"
[2016.06.13-20.45.56:713][  0]LogPackFactory: Copied "../../../Samples/StarterContent/Content/StarterContent/Textures/T_Door_M.uasset" to "../../../../../../Users/dagal/Documents/Unreal Projects/Bekenstein/Content/StarterContent/Textures/T_Door_M.uasset"
[2016.06.13-20.45.56:750][  0]LogPackFactory: Copied "../../../Samples/StarterContent/Content/StarterContent/Textures/T_Door_N.uasset" to "../../../../../../Users/dagal/Documents/Unreal Projects/Bekenstein/Content/StarterContent/Textures/T_Door_N.uasset"
[2016.06.13-20.45.56:899][  0]LogPackFactory: Copied "../../../Samples/StarterContent/Content/StarterContent/Textures/T_Dust_Particle_D.uasset" to "../../../../../../Users/dagal/Documents/Unreal Projects/Bekenstein/Content/StarterContent/Textures/T_Dust_Particle_D.uasset"
[2016.06.13-20.45.57:076][  0]LogPackFactory: Copied "../../../Samples/StarterContent/Content/StarterContent/Textures/T_Explosion_SubUV.uasset" to "../../../../../../Users/dagal/Documents/Unreal Projects/Bekenstein/Content/StarterContent/Textures/T_Explosion_SubUV.uasset"
[2016.06.13-20.45.57:147][  0]LogPackFactory: Copied "../../../Samples/StarterContent/Content/StarterContent/Textures/T_Fire_SubUV.uasset" to "../../../../../../Users/dagal/Documents/Unreal Projects/Bekenstein/Content/StarterContent/Textures/T_Fire_SubUV.uasset"
[2016.06.13-20.45.57:248][  0]LogPackFactory: Copied "../../../Samples/StarterContent/Content/StarterContent/Textures/T_Fire_Tiled_D.uasset" to "../../../../../../Users/dagal/Documents/Unreal Projects/Bekenstein/Content/StarterContent/Textures/T_Fire_Tiled_D.uasset"
[2016.06.13-20.45.57:370][  0]LogPackFactory: Copied "../../../Samples/StarterContent/Content/StarterContent/Textures/T_Frame_M.uasset" to "../../../../../../Users/dagal/Documents/Unreal Projects/Bekenstein/Content/StarterContent/Textures/T_Frame_M.uasset"
[2016.06.13-20.45.57:404][  0]LogPackFactory: Copied "../../../Samples/StarterContent/Content/StarterContent/Textures/T_Frame_N.uasset" to "../../../../../../Users/dagal/Documents/Unreal Projects/Bekenstein/Content/StarterContent/Textures/T_Frame_N.uasset"
[2016.06.13-20.45.57:455][  0]LogPackFactory: Copied "../../../Samples/StarterContent/Content/StarterContent/Textures/T_Gradinet_01.uasset" to "../../../../../../Users/dagal/Documents/Unreal Projects/Bekenstein/Content/StarterContent/Textures/T_Gradinet_01.uasset"
[2016.06.13-20.45.57:705][  0]LogPackFactory: Copied "../../../Samples/StarterContent/Content/StarterContent/Textures/T_Ground_Grass_D.uasset" to "../../../../../../Users/dagal/Documents/Unreal Projects/Bekenstein/Content/StarterContent/Textures/T_Ground_Grass_D.uasset"
[2016.06.13-20.45.58:080][  0]LogPackFactory: Copied "../../../Samples/StarterContent/Content/StarterContent/Textures/T_Ground_Grass_N.uasset" to "../../../../../../Users/dagal/Documents/Unreal Projects/Bekenstein/Content/StarterContent/Textures/T_Ground_Grass_N.uasset"
[2016.06.13-20.45.58:338][  0]LogPackFactory: Copied "../../../Samples/StarterContent/Content/StarterContent/Textures/T_Ground_Gravel_D.uasset" to "../../../../../../Users/dagal/Documents/Unreal Projects/Bekenstein/Content/StarterContent/Textures/T_Ground_Gravel_D.uasset"
[2016.06.13-20.45.58:585][  0]LogPackFactory: Copied "../../../Samples/StarterContent/Content/StarterContent/Textures/T_Ground_Gravel_N.uasset" to "../../../../../../Users/dagal/Documents/Unreal Projects/Bekenstein/Content/StarterContent/Textures/T_Ground_Gravel_N.uasset"
[2016.06.13-20.45.58:953][  0]LogPackFactory: Copied "../../../Samples/StarterContent/Content/StarterContent/Textures/T_ground_Moss_D.uasset" to "../../../../../../Users/dagal/Documents/Unreal Projects/Bekenstein/Content/StarterContent/Textures/T_ground_Moss_D.uasset"
[2016.06.13-20.45.59:271][  0]LogPackFactory: Copied "../../../Samples/StarterContent/Content/StarterContent/Textures/T_Ground_Moss_N.uasset" to "../../../../../../Users/dagal/Documents/Unreal Projects/Bekenstein/Content/StarterContent/Textures/T_Ground_Moss_N.uasset"
[2016.06.13-20.45.59:377][  0]LogPackFactory: Copied "../../../Samples/StarterContent/Content/StarterContent/Textures/T_Lamp_M.uasset" to "../../../../../../Users/dagal/Documents/Unreal Projects/Bekenstein/Content/StarterContent/Textures/T_Lamp_M.uasset"
[2016.06.13-20.45.59:494][  0]LogPackFactory: Copied "../../../Samples/StarterContent/Content/StarterContent/Textures/T_Lamp_N.uasset" to "../../../../../../Users/dagal/Documents/Unreal Projects/Bekenstein/Content/StarterContent/Textures/T_Lamp_N.uasset"
[2016.06.13-20.45.59:871][  0]LogPackFactory: Copied "../../../Samples/StarterContent/Content/StarterContent/Textures/T_MacroVariation.uasset" to "../../../../../../Users/dagal/Documents/Unreal Projects/Bekenstein/Content/StarterContent/Textures/T_MacroVariation.uasset"
[2016.06.13-20.46.00:163][  0]LogPackFactory: Copied "../../../Samples/StarterContent/Content/StarterContent/Textures/T_Metal_Aluminum_D.uasset" to "../../../../../../Users/dagal/Documents/Unreal Projects/Bekenstein/Content/StarterContent/Textures/T_Metal_Aluminum_D.uasset"
[2016.06.13-20.46.00:482][  0]LogPackFactory: Copied "../../../Samples/StarterContent/Content/StarterContent/Textures/T_Metal_Copper_D.uasset" to "../../../../../../Users/dagal/Documents/Unreal Projects/Bekenstein/Content/StarterContent/Textures/T_Metal_Copper_D.uasset"
[2016.06.13-20.46.00:762][  0]LogPackFactory: Copied "../../../Samples/StarterContent/Content/StarterContent/Textures/T_Metal_Gold_D.uasset" to "../../../../../../Users/dagal/Documents/Unreal Projects/Bekenstein/Content/StarterContent/Textures/T_Metal_Gold_D.uasset"
[2016.06.13-20.46.00:899][  0]LogPackFactory: Copied "../../../Samples/StarterContent/Content/StarterContent/Textures/T_Metal_Gold_N.uasset" to "../../../../../../Users/dagal/Documents/Unreal Projects/Bekenstein/Content/StarterContent/Textures/T_Metal_Gold_N.uasset"
[2016.06.13-20.46.01:207][  0]LogPackFactory: Copied "../../../Samples/StarterContent/Content/StarterContent/Textures/T_Metal_Rust_D.uasset" to "../../../../../../Users/dagal/Documents/Unreal Projects/Bekenstein/Content/StarterContent/Textures/T_Metal_Rust_D.uasset"
[2016.06.13-20.46.01:460][  0]LogPackFactory: Copied "../../../Samples/StarterContent/Content/StarterContent/Textures/T_Metal_Rust_N.uasset" to "../../../../../../Users/dagal/Documents/Unreal Projects/Bekenstein/Content/StarterContent/Textures/T_Metal_Rust_N.uasset"
[2016.06.13-20.46.01:725][  0]LogPackFactory: Copied "../../../Samples/StarterContent/Content/StarterContent/Textures/T_Metal_Steel_D.uasset" to "../../../../../../Users/dagal/Documents/Unreal Projects/Bekenstein/Content/StarterContent/Textures/T_Metal_Steel_D.uasset"
[2016.06.13-20.46.02:298][  0]LogPackFactory: Copied "../../../Samples/StarterContent/Content/StarterContent/Textures/T_Metal_Steel_N.uasset" to "../../../../../../Users/dagal/Documents/Unreal Projects/Bekenstein/Content/StarterContent/Textures/T_Metal_Steel_N.uasset"
[2016.06.13-20.46.02:602][  0]LogPackFactory: Copied "../../../Samples/StarterContent/Content/StarterContent/Textures/T_Perlin_Noise_M.uasset" to "../../../../../../Users/dagal/Documents/Unreal Projects/Bekenstein/Content/StarterContent/Textures/T_Perlin_Noise_M.uasset"
[2016.06.13-20.46.02:832][  0]LogPackFactory: Copied "../../../Samples/StarterContent/Content/StarterContent/Textures/T_RockMesh_M.uasset" to "../../../../../../Users/dagal/Documents/Unreal Projects/Bekenstein/Content/StarterContent/Textures/T_RockMesh_M.uasset"
[2016.06.13-20.46.03:033][  0]LogPackFactory: Copied "../../../Samples/StarterContent/Content/StarterContent/Textures/T_RockMesh_N.uasset" to "../../../../../../Users/dagal/Documents/Unreal Projects/Bekenstein/Content/StarterContent/Textures/T_RockMesh_N.uasset"
[2016.06.13-20.46.03:277][  0]LogPackFactory: Copied "../../../Samples/StarterContent/Content/StarterContent/Textures/T_Rock_Basalt_D.uasset" to "../../../../../../Users/dagal/Documents/Unreal Projects/Bekenstein/Content/StarterContent/Textures/T_Rock_Basalt_D.uasset"
[2016.06.13-20.46.03:510][  0]LogPackFactory: Copied "../../../Samples/StarterContent/Content/StarterContent/Textures/T_Rock_Basalt_N.uasset" to "../../../../../../Users/dagal/Documents/Unreal Projects/Bekenstein/Content/StarterContent/Textures/T_Rock_Basalt_N.uasset"
[2016.06.13-20.46.03:718][  0]LogPackFactory: Copied "../../../Samples/StarterContent/Content/StarterContent/Textures/T_Rock_Marble_Polished_D.uasset" to "../../../../../../Users/dagal/Documents/Unreal Projects/Bekenstein/Content/StarterContent/Textures/T_Rock_Marble_Polished_D.uasset"
[2016.06.13-20.46.03:968][  0]LogPackFactory: Copied "../../../Samples/StarterContent/Content/StarterContent/Textures/T_Rock_Sandstone_D.uasset" to "../../../../../../Users/dagal/Documents/Unreal Projects/Bekenstein/Content/StarterContent/Textures/T_Rock_Sandstone_D.uasset"
[2016.06.13-20.46.04:237][  0]LogPackFactory: Copied "../../../Samples/StarterContent/Content/StarterContent/Textures/T_Rock_Sandstone_N.uasset" to "../../../../../../Users/dagal/Documents/Unreal Projects/Bekenstein/Content/StarterContent/Textures/T_Rock_Sandstone_N.uasset"
[2016.06.13-20.46.04:534][  0]LogPackFactory: Copied "../../../Samples/StarterContent/Content/StarterContent/Textures/T_Rock_Slate_D.uasset" to "../../../../../../Users/dagal/Documents/Unreal Projects/Bekenstein/Content/StarterContent/Textures/T_Rock_Slate_D.uasset"
[2016.06.13-20.46.04:887][  0]LogPackFactory: Copied "../../../Samples/StarterContent/Content/StarterContent/Textures/T_Rock_Slate_N.uasset" to "../../../../../../Users/dagal/Documents/Unreal Projects/Bekenstein/Content/StarterContent/Textures/T_Rock_Slate_N.uasset"
[2016.06.13-20.46.05:232][  0]LogPackFactory: Copied "../../../Samples/StarterContent/Content/StarterContent/Textures/T_Rock_Smooth_Granite_D.uasset" to "../../../../../../Users/dagal/Documents/Unreal Projects/Bekenstein/Content/StarterContent/Textures/T_Rock_Smooth_Granite_D.uasset"
[2016.06.13-20.46.05:357][  0]LogPackFactory: Copied "../../../Samples/StarterContent/Content/StarterContent/Textures/T_Shelf_M.uasset" to "../../../../../../Users/dagal/Documents/Unreal Projects/Bekenstein/Content/StarterContent/Textures/T_Shelf_M.uasset"
[2016.06.13-20.46.05:514][  0]LogPackFactory: Copied "../../../Samples/StarterContent/Content/StarterContent/Textures/T_Shelf_N.uasset" to "../../../../../../Users/dagal/Documents/Unreal Projects/Bekenstein/Content/StarterContent/Textures/T_Shelf_N.uasset"
[2016.06.13-20.46.05:593][  0]LogPackFactory: Copied "../../../Samples/StarterContent/Content/StarterContent/Textures/T_Single_Tile_N.uasset" to "../../../../../../Users/dagal/Documents/Unreal Projects/Bekenstein/Content/StarterContent/Textures/T_Single_Tile_N.uasset"
[2016.06.13-20.46.05:774][  0]LogPackFactory: Copied "../../../Samples/StarterContent/Content/StarterContent/Textures/T_Smoke_SubUV.uasset" to "../../../../../../Users/dagal/Documents/Unreal Projects/Bekenstein/Content/StarterContent/Textures/T_Smoke_SubUV.uasset"
[2016.06.13-20.46.05:955][  0]LogPackFactory: Copied "../../../Samples/StarterContent/Content/StarterContent/Textures/T_Smoke_Tiled_D.uasset" to "../../../../../../Users/dagal/Documents/Unreal Projects/Bekenstein/Content/StarterContent/Textures/T_Smoke_Tiled_D.uasset"
[2016.06.13-20.46.06:051][  0]LogPackFactory: Copied "../../../Samples/StarterContent/Content/StarterContent/Textures/T_Spark_Core.uasset" to "../../../../../../Users/dagal/Documents/Unreal Projects/Bekenstein/Content/StarterContent/Textures/T_Spark_Core.uasset"
[2016.06.13-20.46.06:183][  0]LogPackFactory: Copied "../../../Samples/StarterContent/Content/StarterContent/Textures/T_Statue_M.uasset" to "../../../../../../Users/dagal/Documents/Unreal Projects/Bekenstein/Content/StarterContent/Textures/T_Statue_M.uasset"
[2016.06.13-20.46.06:335][  0]LogPackFactory: Copied "../../../Samples/StarterContent/Content/StarterContent/Textures/T_Statue_N.uasset" to "../../../../../../Users/dagal/Documents/Unreal Projects/Bekenstein/Content/StarterContent/Textures/T_Statue_N.uasset"
[2016.06.13-20.46.06:443][  0]LogPackFactory: Copied "../../../Samples/StarterContent/Content/StarterContent/Textures/T_TableRound_M.uasset" to "../../../../../../Users/dagal/Documents/Unreal Projects/Bekenstein/Content/StarterContent/Textures/T_TableRound_M.uasset"
[2016.06.13-20.46.06:660][  0]LogPackFactory: Copied "../../../Samples/StarterContent/Content/StarterContent/Textures/T_TableRound_N.uasset" to "../../../../../../Users/dagal/Documents/Unreal Projects/Bekenstein/Content/StarterContent/Textures/T_TableRound_N.uasset"
[2016.06.13-20.46.06:693][  0]LogPackFactory: Copied "../../../Samples/StarterContent/Content/StarterContent/Textures/T_Tech_Dot_M.uasset" to "../../../../../../Users/dagal/Documents/Unreal Projects/Bekenstein/Content/StarterContent/Textures/T_Tech_Dot_M.uasset"
[2016.06.13-20.46.06:720][  0]LogPackFactory: Copied "../../../Samples/StarterContent/Content/StarterContent/Textures/T_Tech_Dot_N.uasset" to "../../../../../../Users/dagal/Documents/Unreal Projects/Bekenstein/Content/StarterContent/Textures/T_Tech_Dot_N.uasset"
[2016.06.13-20.46.06:748][  0]LogPackFactory: Copied "../../../Samples/StarterContent/Content/StarterContent/Textures/T_Tech_Hex_Tile_M.uasset" to "../../../../../../Users/dagal/Documents/Unreal Projects/Bekenstein/Content/StarterContent/Textures/T_Tech_Hex_Tile_M.uasset"
[2016.06.13-20.46.06:761][  0]LogPackFactory: Copied "../../../Samples/StarterContent/Content/StarterContent/Textures/T_Tech_Hex_Tile_N.uasset" to "../../../../../../Users/dagal/Documents/Unreal Projects/Bekenstein/Content/StarterContent/Textures/T_Tech_Hex_Tile_N.uasset"
[2016.06.13-20.46.06:798][  0]LogPackFactory: Copied "../../../Samples/StarterContent/Content/StarterContent/Textures/T_Tech_Panel_M.uasset" to "../../../../../../Users/dagal/Documents/Unreal Projects/Bekenstein/Content/StarterContent/Textures/T_Tech_Panel_M.uasset"
[2016.06.13-20.46.06:833][  0]LogPackFactory: Copied "../../../Samples/StarterContent/Content/StarterContent/Textures/T_Tech_Panel_N.uasset" to "../../../../../../Users/dagal/Documents/Unreal Projects/Bekenstein/Content/StarterContent/Textures/T_Tech_Panel_N.uasset"
[2016.06.13-20.46.06:891][  0]LogPackFactory: Copied "../../../Samples/StarterContent/Content/StarterContent/Textures/T_Water_M.uasset" to "../../../../../../Users/dagal/Documents/Unreal Projects/Bekenstein/Content/StarterContent/Textures/T_Water_M.uasset"
[2016.06.13-20.46.06:926][  0]LogPackFactory: Copied "../../../Samples/StarterContent/Content/StarterContent/Textures/T_Water_N.uasset" to "../../../../../../Users/dagal/Documents/Unreal Projects/Bekenstein/Content/StarterContent/Textures/T_Water_N.uasset"
[2016.06.13-20.46.06:991][  0]LogPackFactory: Copied "../../../Samples/StarterContent/Content/StarterContent/Textures/T_Wood_Floor_Walnut_D.uasset" to "../../../../../../Users/dagal/Documents/Unreal Projects/Bekenstein/Content/StarterContent/Textures/T_Wood_Floor_Walnut_D.uasset"
[2016.06.13-20.46.07:034][  0]LogPackFactory: Copied "../../../Samples/StarterContent/Content/StarterContent/Textures/T_Wood_Floor_Walnut_M.uasset" to "../../../../../../Users/dagal/Documents/Unreal Projects/Bekenstein/Content/StarterContent/Textures/T_Wood_Floor_Walnut_M.uasset"
[2016.06.13-20.46.07:101][  0]LogPackFactory: Copied "../../../Samples/StarterContent/Content/StarterContent/Textures/T_Wood_Floor_Walnut_N.uasset" to "../../../../../../Users/dagal/Documents/Unreal Projects/Bekenstein/Content/StarterContent/Textures/T_Wood_Floor_Walnut_N.uasset"
[2016.06.13-20.46.07:200][  0]LogPackFactory: Copied "../../../Samples/StarterContent/Content/StarterContent/Textures/T_Wood_Oak_D.uasset" to "../../../../../../Users/dagal/Documents/Unreal Projects/Bekenstein/Content/StarterContent/Textures/T_Wood_Oak_D.uasset"
[2016.06.13-20.46.07:302][  0]LogPackFactory: Copied "../../../Samples/StarterContent/Content/StarterContent/Textures/T_Wood_Oak_N.uasset" to "../../../../../../Users/dagal/Documents/Unreal Projects/Bekenstein/Content/StarterContent/Textures/T_Wood_Oak_N.uasset"
[2016.06.13-20.46.07:664][  0]LogPackFactory: Copied "../../../Samples/StarterContent/Content/StarterContent/Textures/T_Wood_Pine_D.uasset" to "../../../../../../Users/dagal/Documents/Unreal Projects/Bekenstein/Content/StarterContent/Textures/T_Wood_Pine_D.uasset"
[2016.06.13-20.46.07:871][  0]LogPackFactory: Copied "../../../Samples/StarterContent/Content/StarterContent/Textures/T_Wood_Pine_N.uasset" to "../../../../../../Users/dagal/Documents/Unreal Projects/Bekenstein/Content/StarterContent/Textures/T_Wood_Pine_N.uasset"
[2016.06.13-20.46.08:009][  0]LogPackFactory: Copied "../../../Samples/StarterContent/Content/StarterContent/Textures/T_Wood_Walnut_D.uasset" to "../../../../../../Users/dagal/Documents/Unreal Projects/Bekenstein/Content/StarterContent/Textures/T_Wood_Walnut_D.uasset"
[2016.06.13-20.46.08:149][  0]LogPackFactory: Copied "../../../Samples/StarterContent/Content/StarterContent/Textures/T_Wood_Walnut_N.uasset" to "../../../../../../Users/dagal/Documents/Unreal Projects/Bekenstein/Content/StarterContent/Textures/T_Wood_Walnut_N.uasset"
[2016.06.13-20.46.08:661][  0]LogRenderer: Reallocating scene render targets to support 256x256 (Frame:2).
[2016.06.13-20.46.10:908][  0]LogSavePackage: Save=94.66ms
[2016.06.13-20.46.10:908][  0]LogSavePackage: Moving '../../../../../../Users/dagal/Documents/Unreal Projects/Bekenstein/Saved/Floor_400x40040F2C9B64553604956C374ABAEE35BFC.tmp' to '../../../../../../Users/dagal/Documents/Unreal Projects/Bekenstein/Content/StarterContent/Architecture/Floor_400x400.uasset'
[2016.06.13-20.46.10:914][  0]LogSavePackage:Display: Finished SavePackage ../../../../../../Users/dagal/Documents/Unreal Projects/Bekenstein/Content/StarterContent/Architecture/Floor_400x400.uasset
[2016.06.13-20.46.10:914][  0]LogFeaturePack:Warning: Inserted 1 feature packs
[2016.06.13-20.46.10:919][  0]Cmd: MAP LOAD FILE="../../../../../../Users/dagal/Documents/Unreal Projects/Bekenstein/Content/TopDownBP/Maps/TopDownExampleMap.umap" TEMPLATE=0 SHOWPROGRESS=1 FEATURELEVEL=3
[2016.06.13-20.46.10:929][  0]LightingResults: New page: Lighting Build
[2016.06.13-20.46.10:934][  0]MapCheck: New page: Map Check
[2016.06.13-20.46.10:934][  0]LightingResults: New page: Lighting Build
[2016.06.13-20.46.12:149][  0]LogTexture:Display: Building textures: UE4Man_Logo_N (BC5)
[2016.06.13-20.46.12:182][  0]LogTexture:Display: Building textures: T_ML_Rubber_Blue_01_D (AutoDXT)
[2016.06.13-20.46.12:311][  0]LogTexture:Display: Building textures: T_ML_Rubber_Blue_01_N (BC5)
[2016.06.13-20.46.12:340][  0]LogTexture:Display: Building textures: T_ML_Aluminum01 (AutoDXT)
[2016.06.13-20.46.12:453][  0]LogTexture:Display: Building textures: T_ML_Aluminum01_N (BC5)
[2016.06.13-20.46.12:485][  0]LogTexture:Display: Building textures: UE4_Mannequin_MAT_MASKA (AutoDXT)
[2016.06.13-20.46.12:699][  0]LogTexture:Display: Building textures: UE4_Mannequin__normals (BC5)
[2016.06.13-20.46.13:056][  0]LogTexture:Display: Building textures: UE4_LOGO_CARD (AutoDXT)
[2016.06.13-20.46.13:333][  0]LogTexture:Display: Building textures: AnalogHat (AutoDXT)
[2016.06.13-20.46.13:469][  0]LogTexture:Display: Building textures: HQ_Lightmap0_6 (AutoDXT)
[2016.06.13-20.46.13:479][  0]LogTexture:Display: Building textures: HQ_Lightmap1_1 (AutoDXT)
[2016.06.13-20.46.13:551][  0]LogTexture:Display: Building textures: HQ_Lightmap1_2 (AutoDXT)
[2016.06.13-20.46.13:585][  0]LogTexture:Display: Building textures: HQ_Lightmap1_3 (AutoDXT)
[2016.06.13-20.46.13:648][  0]LogTexture:Display: Building textures: HQ_Lightmap1_4 (AutoDXT)
[2016.06.13-20.46.13:674][  0]LogTexture:Display: Building textures: HQ_Lightmap1_5 (AutoDXT)
[2016.06.13-20.46.13:730][  0]LogTexture:Display: Building textures: LQ_Lightmap_0_6 (DXT1)
[2016.06.13-20.46.13:744][  0]LogTexture:Display: Building textures: LQ_Lightmap_1_1 (DXT1)
[2016.06.13-20.46.13:799][  0]LogTexture:Display: Building textures: LQ_Lightmap_1_2 (DXT1)
[2016.06.13-20.46.13:817][  0]LogTexture:Display: Building textures: LQ_Lightmap_1_3 (DXT1)
[2016.06.13-20.46.13:846][  0]LogTexture:Display: Building textures: LQ_Lightmap_1_4 (DXT1)
[2016.06.13-20.46.13:864][  0]LogTexture:Display: Building textures: LQ_Lightmap_1_5 (DXT1)
[2016.06.13-20.46.13:892][  0]LogTexture:Display: Building textures: SkyOcclusion1_1 (AutoDXT)
[2016.06.13-20.46.13:939][  0]LogTexture:Display: Building textures: SkyOcclusion1_2 (AutoDXT)
[2016.06.13-20.46.13:954][  0]LogTexture:Display: Building textures: SkyOcclusion1_3 (AutoDXT)
[2016.06.13-20.46.13:981][  0]LogTexture:Display: Building textures: SkyOcclusion1_4 (AutoDXT)
[2016.06.13-20.46.13:997][  0]LogTexture:Display: Building textures: SkyOcclusion1_5 (AutoDXT)
[2016.06.13-20.46.14:022][  0]LogTexture:Display: Building textures: SkyOcclusion1_6 (AutoDXT)
[2016.06.13-20.46.14:025][  0]LogTexture:Display: Building textures: ShadowMapTexture2D_10 (G8)
[2016.06.13-20.46.14:029][  0]LogTexture:Display: Building textures: ShadowMapTexture2D_11 (G8)
[2016.06.13-20.46.14:034][  0]LogTexture:Display: Building textures: ShadowMapTexture2D_12 (G8)
[2016.06.13-20.46.14:037][  0]LogTexture:Display: Building textures: ShadowMapTexture2D_7 (G8)
[2016.06.13-20.46.14:055][  0]LogTexture:Display: Building textures: ShadowMapTexture2D_8 (G8)
[2016.06.13-20.46.14:060][  0]LogTexture:Display: Building textures: ShadowMapTexture2D_9 (G8)
[2016.06.13-20.46.14:454][  0]LogAIModule: Creating AISystem for world TopDownExampleMap
[2016.06.13-20.46.15:147][  0]LogEditorServer: Finished looking for orphan Actors (0.000 secs)
[2016.06.13-20.46.15:224][  0]Cmd: MAP CHECKDEP NOCLEARLOG
[2016.06.13-20.46.15:296][  0]MapCheck: Info Map check complete: 0 Error(s), 0 Warning(s), took 72.455ms to complete.
[2016.06.13-20.46.15:296][  0]LogFileHelpers: Loading map 'TopDownExampleMap' took 4.377
[2016.06.13-20.46.17:705][  0]LogCollectionManager: Loaded 0 collections in 0.002584 seconds
[2016.06.13-20.46.17:890][  0]LogFileCache: Scanning file cache for directory 'C:/Users/dagal/Documents/Unreal Projects/Bekenstein/Saved/Collections/' took 0.01s
[2016.06.13-20.46.17:890][  0]LogFileCache: Scanning file cache for directory 'C:/Users/dagal/Documents/Unreal Projects/Bekenstein/Content/Developers/dagal/Collections/' took 0.01s
[2016.06.13-20.46.17:890][  0]LogFileCache: Scanning file cache for directory 'C:/Users/dagal/Documents/Unreal Projects/Bekenstein/Content/Collections/' took 0.01s
[2016.06.13-20.46.17:890][  0]LogCollectionManager: Rebuilt the GUID cache for 0 collections in 0.000005 seconds
[2016.06.13-20.46.17:913][  0]LogContentBrowser: Native class hierarchy populated in 0.0165 seconds. Added 2047 classes and 369 folders.
[2016.06.13-20.46.17:957][  0]LogStats: UGameplayTagsManager::ConstructGameplayTagTree: Construct from data asset -  0.001 s
[2016.06.13-20.46.17:957][  0]LogStats: UGameplayTagsManager::ConstructGameplayTagTree: GameplayTagTreeChangedEvent.Broadcast -  0.000 s
[2016.06.13-20.46.17:958][  0]LogContentBrowser: Native class hierarchy updated for 'GameplayTags' in 0.0008 seconds. Added 12 classes and 0 folders.
[2016.06.13-20.46.17:974][  0]LogContentBrowser: Native class hierarchy updated for 'WidgetCarousel' in 0.0006 seconds. Added 0 classes and 0 folders.
[2016.06.13-20.46.18:713][  0]LogContentBrowser: Native class hierarchy updated for 'AddContentDialog' in 0.0004 seconds. Added 0 classes and 0 folders.
[2016.06.13-20.46.18:806][  0]LogContentBrowser: Native class hierarchy updated for 'SceneOutliner' in 0.0005 seconds. Added 1 classes and 2 folders.
[2016.06.13-20.46.20:023][  0]LogCrashTracker: Crashtracker disabled due to settings.
[2016.06.13-20.46.20:207][  0]LogWindowsTextInputMethodSystem:Display: IME system now deactivated.
[2016.06.13-20.46.20:208][  0]LogWindowsTextInputMethodSystem:Display: IME system now deactivated.
[2016.06.13-20.46.20:288][  0]LogTexture:Display: Building textures: Blueprint_64x (BGRA8)
[2016.06.13-20.46.20:349][  0]LogTexture:Display: Building textures: icon_Editor_Preferences_General_40x (BGRA8)
[2016.06.13-20.46.20:368][  0]LogTexture:Display: Building textures: Paper2DSprite_TutorialIcon (BGRA8)
[2016.06.13-20.46.20:373][  0]LogTexture:Display: Building textures: icon_ShowSkeletalMeshes_40x (BGRA8)
[2016.06.13-20.46.20:396][  0]LogTexture:Display: Building textures: Landscape (BGRA8)
[2016.06.13-20.46.20:405][  0]LogTexture:Display: Building textures: Foliage (BGRA8)
[2016.06.13-20.46.20:565][  0]LogContentBrowser: Native class hierarchy updated for 'HierarchicalLODOutliner' in 0.0004 seconds. Added 1 classes and 2 folders.
[2016.06.13-20.46.20:565][  0]LogLoad: Full Startup: 43.14 seconds (BP compile: 0.33 seconds)
[2016.06.13-20.46.20:565][  0]LogExternalProfiler: No external profilers were discovered.  External profiling features will not be available.
[2016.06.13-20.46.20:584][  0]LogOcInput: OculusInput pre-init called
[2016.06.13-20.46.21:116][  0]LogContentStreaming: Texture pool size now 1000 MB
[2016.06.13-20.46.21:372][  0]LogTexture:Display: Building textures: icon_tab_Levels_40x (BGRA8)
[2016.06.13-20.46.21:938][  0]LogTexture:Display: Building textures: LevelGrid1DStripes (BGRA8)
[2016.06.13-20.46.23:289][  0]LogRenderer: Reallocating scene render targets to support 1208x576 (Frame:3).
[2016.06.13-20.46.24:730][  3]LogAssetRegistry: Asset discovery search completed in 44.2334 seconds
[2016.06.13-20.46.24:730][  3]LogCollectionManager: Rebuilt the object cache for 0 collections in 0.000000 seconds (found 0 objects)
[2016.06.13-20.46.24:730][  3]LogCollectionManager: Fixed up redirectors for 0 collections in 0.000022 seconds (updated 0 objects)
[2016.06.13-20.47.36:118][213]LogText:Warning: Failed to parse argument "GameModeName" as a number (using "0" as a fallback). Please check your format string for errors: "GameMode: Edit {GameModeName}".
[2016.06.13-20.47.36:118][213]LogText:Warning: Failed to parse argument "GameModeName" as a number (using "0" as a fallback). Please check your format string f